INFO:__main__:Parsing archive page 1...
INFO:__main__:25 issues links in total.
INFO:utils.util:Sleeping for 4.3 sec...
INFO:__main__:Parsing archive page 2...
INFO:__main__:50 issues links in total.
INFO:utils.util:Sleeping for 3.1 sec...
INFO:__main__:Parsing archive page 3...
INFO:__main__:75 issues links in total.
INFO:utils.util:Sleeping for 1.4 sec...
INFO:__main__:Parsing archive page 4...
INFO:__main__:100 issues links in total.
INFO:utils.util:Sleeping for 1.6 sec...
INFO:__main__:Parsing archive page 5...
INFO:__main__:125 issues links in total.
INFO:utils.util:Sleeping for 1.4 sec...
INFO:__main__:Parsing archive page 6...
INFO:__main__:Empty page reached. Issues parsing done!
INFO:__main__:Retrieved 125 issues links from https://journals.flvc.org/sal/issue/archive
INFO:__main__:[1/125] Retrieved 0 articles links from https://journals.flvc.org/sal/issue/view/4967. Total artices: 0
INFO:utils.util:Sleeping for 5.6 sec...
INFO:__main__:[2/125] Retrieved 3 articles links from https://journals.flvc.org/sal/issue/view/4912. Total artices: 3
INFO:utils.util:Sleeping for 1.6 sec...
INFO:__main__:[3/125] Retrieved 0 articles links from https://journals.flvc.org/sal/issue/view/4948. Total artices: 3
INFO:utils.util:Sleeping for 4.1 sec...
INFO:__main__:[4/125] Retrieved 0 articles links from https://journals.flvc.org/sal/issue/view/4962. Total artices: 3
INFO:utils.util:Sleeping for 1.4 sec...
INFO:__main__:[5/125] Retrieved 2 articles links from https://journals.flvc.org/sal/issue/view/4880. Total artices: 5
INFO:utils.util:Sleeping for 2.3 sec...
INFO:__main__:[6/125] Retrieved 4 articles links from https://journals.flvc.org/sal/issue/view/4938. Total artices: 9
INFO:utils.util:Sleeping for 6.9 sec...
INFO:__main__:[7/125] Retrieved 3 articles links from https://journals.flvc.org/sal/issue/view/4879. Total artices: 12
INFO:utils.util:Sleeping for 3.2 sec...
INFO:__main__:[8/125] Retrieved 4 articles links from https://journals.flvc.org/sal/issue/view/4930. Total artices: 16
INFO:utils.util:Sleeping for 5.4 sec...
INFO:__main__:[9/125] Retrieved 4 articles links from https://journals.flvc.org/sal/issue/view/4894. Total artices: 20
INFO:utils.util:Sleeping for 2.9 sec...
INFO:__main__:[10/125] Retrieved 7 articles links from https://journals.flvc.org/sal/issue/view/4893. Total artices: 27
INFO:utils.util:Sleeping for 2.2 sec...
INFO:__main__:[11/125] Retrieved 5 articles links from https://journals.flvc.org/sal/issue/view/4916. Total artices: 32
INFO:utils.util:Sleeping for 6.8 sec...
INFO:__main__:[12/125] Retrieved 0 articles links from https://journals.flvc.org/sal/issue/view/4941. Total artices: 32
INFO:utils.util:Sleeping for 3.5 sec...
INFO:__main__:[13/125] Retrieved 3 articles links from https://journals.flvc.org/sal/issue/view/4934. Total artices: 35
INFO:utils.util:Sleeping for 3.0 sec...
INFO:__main__:[14/125] Retrieved 3 articles links from https://journals.flvc.org/sal/issue/view/4873. Total artices: 38
INFO:utils.util:Sleeping for 3.0 sec...
INFO:__main__:[15/125] Retrieved 0 articles links from https://journals.flvc.org/sal/issue/view/4959. Total artices: 38
INFO:utils.util:Sleeping for 5.4 sec...
INFO:__main__:[16/125] Retrieved 0 articles links from https://journals.flvc.org/sal/issue/view/4971. Total artices: 38
INFO:utils.util:Sleeping for 6.4 sec...
INFO:__main__:[17/125] Retrieved 6 articles links from https://journals.flvc.org/sal/issue/view/5964. Total artices: 44
INFO:utils.util:Sleeping for 4.9 sec...
INFO:__main__:[18/125] Retrieved 4 articles links from https://journals.flvc.org/sal/issue/view/4932. Total artices: 48
INFO:utils.util:Sleeping for 6.6 sec...
INFO:__main__:[19/125] Retrieved 5 articles links from https://journals.flvc.org/sal/issue/view/4905. Total artices: 53
INFO:utils.util:Sleeping for 3.6 sec...
INFO:__main__:[20/125] Retrieved 0 articles links from https://journals.flvc.org/sal/issue/view/4945. Total artices: 53
INFO:utils.util:Sleeping for 4.1 sec...
INFO:__main__:[21/125] Retrieved 0 articles links from https://journals.flvc.org/sal/issue/view/4956. Total artices: 53
INFO:utils.util:Sleeping for 4.9 sec...
INFO:__main__:[22/125] Retrieved 0 articles links from https://journals.flvc.org/sal/issue/view/4960. Total artices: 53
INFO:utils.util:Sleeping for 6.3 sec...
INFO:__main__:[23/125] Retrieved 12 articles links from https://journals.flvc.org/sal/issue/view/4865. Total artices: 65
INFO:utils.util:Sleeping for 3.9 sec...
INFO:__main__:[24/125] Retrieved 4 articles links from https://journals.flvc.org/sal/issue/view/4881. Total artices: 69
INFO:utils.util:Sleeping for 1.8 sec...
INFO:__main__:[25/125] Retrieved 3 articles links from https://journals.flvc.org/sal/issue/view/4921. Total artices: 72
INFO:utils.util:Sleeping for 1.1 sec...
INFO:__main__:[26/125] Retrieved 5 articles links from https://journals.flvc.org/sal/issue/view/4895. Total artices: 77
INFO:utils.util:Sleeping for 2.6 sec...
INFO:__main__:[27/125] Retrieved 0 articles links from https://journals.flvc.org/sal/issue/view/4964. Total artices: 77
INFO:utils.util:Sleeping for 6.9 sec...
INFO:__main__:[28/125] Retrieved 0 articles links from https://journals.flvc.org/sal/issue/view/4973. Total artices: 77
INFO:utils.util:Sleeping for 6.3 sec...
INFO:__main__:[29/125] Retrieved 0 articles links from https://journals.flvc.org/sal/issue/view/4978. Total artices: 77
INFO:utils.util:Sleeping for 4.0 sec...
INFO:__main__:[30/125] Retrieved 4 articles links from https://journals.flvc.org/sal/issue/view/4923. Total artices: 81
INFO:utils.util:Sleeping for 2.0 sec...
INFO:__main__:[31/125] Retrieved 0 articles links from https://journals.flvc.org/sal/issue/view/4977. Total artices: 81
INFO:utils.util:Sleeping for 5.7 sec...
INFO:__main__:[32/125] Retrieved 0 articles links from https://journals.flvc.org/sal/issue/view/4981. Total artices: 81
INFO:utils.util:Sleeping for 1.8 sec...
INFO:__main__:[33/125] Retrieved 0 articles links from https://journals.flvc.org/sal/issue/view/4965. Total artices: 81
INFO:utils.util:Sleeping for 6.4 sec...
INFO:__main__:[34/125] Retrieved 8 articles links from https://journals.flvc.org/sal/issue/view/4918. Total artices: 89
INFO:utils.util:Sleeping for 4.9 sec...
INFO:__main__:[35/125] Retrieved 2 articles links from https://journals.flvc.org/sal/issue/view/4876. Total artices: 91
INFO:utils.util:Sleeping for 5.3 sec...
INFO:__main__:[36/125] Retrieved 0 articles links from https://journals.flvc.org/sal/issue/view/4955. Total artices: 91
INFO:utils.util:Sleeping for 1.7 sec...
INFO:__main__:[37/125] Retrieved 3 articles links from https://journals.flvc.org/sal/issue/view/4869. Total artices: 94
INFO:utils.util:Sleeping for 4.8 sec...
INFO:__main__:[38/125] Retrieved 0 articles links from https://journals.flvc.org/sal/issue/view/4976. Total artices: 94
INFO:utils.util:Sleeping for 5.3 sec...
INFO:__main__:[39/125] Retrieved 3 articles links from https://journals.flvc.org/sal/issue/view/4884. Total artices: 97
INFO:utils.util:Sleeping for 2.0 sec...
INFO:__main__:[40/125] Retrieved 3 articles links from https://journals.flvc.org/sal/issue/view/4871. Total artices: 100
INFO:utils.util:Sleeping for 1.9 sec...
INFO:__main__:[41/125] Retrieved 2 articles links from https://journals.flvc.org/sal/issue/view/4910. Total artices: 102
INFO:utils.util:Sleeping for 6.6 sec...
INFO:__main__:[42/125] Retrieved 3 articles links from https://journals.flvc.org/sal/issue/view/4885. Total artices: 105
INFO:utils.util:Sleeping for 6.3 sec...
INFO:__main__:[43/125] Retrieved 3 articles links from https://journals.flvc.org/sal/issue/view/4909. Total artices: 108
INFO:utils.util:Sleeping for 5.0 sec...
INFO:__main__:[44/125] Retrieved 0 articles links from https://journals.flvc.org/sal/issue/view/4966. Total artices: 108
INFO:utils.util:Sleeping for 3.1 sec...
INFO:__main__:[45/125] Retrieved 0 articles links from https://journals.flvc.org/sal/issue/view/4974. Total artices: 108
INFO:utils.util:Sleeping for 4.1 sec...
INFO:__main__:[46/125] Retrieved 0 articles links from https://journals.flvc.org/sal/issue/view/4968. Total artices: 108
INFO:utils.util:Sleeping for 1.6 sec...
INFO:__main__:[47/125] Retrieved 3 articles links from https://journals.flvc.org/sal/issue/view/4917. Total artices: 111
INFO:utils.util:Sleeping for 3.7 sec...
INFO:__main__:[48/125] Retrieved 3 articles links from https://journals.flvc.org/sal/issue/view/4868. Total artices: 114
INFO:utils.util:Sleeping for 3.0 sec...
INFO:__main__:[49/125] Retrieved 4 articles links from https://journals.flvc.org/sal/issue/view/4903. Total artices: 118
INFO:utils.util:Sleeping for 1.6 sec...
INFO:__main__:[50/125] Retrieved 7 articles links from https://journals.flvc.org/sal/issue/view/4866. Total artices: 125
INFO:utils.util:Sleeping for 5.8 sec...
INFO:__main__:[51/125] Retrieved 3 articles links from https://journals.flvc.org/sal/issue/view/4877. Total artices: 128
INFO:utils.util:Sleeping for 1.0 sec...
INFO:__main__:[52/125] Retrieved 4 articles links from https://journals.flvc.org/sal/issue/view/4878. Total artices: 132
INFO:utils.util:Sleeping for 5.8 sec...
INFO:__main__:[53/125] Retrieved 4 articles links from https://journals.flvc.org/sal/issue/view/4933. Total artices: 136
INFO:utils.util:Sleeping for 4.6 sec...
INFO:__main__:[54/125] Retrieved 0 articles links from https://journals.flvc.org/sal/issue/view/4940. Total artices: 136
INFO:utils.util:Sleeping for 4.4 sec...
INFO:__main__:[55/125] Retrieved 3 articles links from https://journals.flvc.org/sal/issue/view/4872. Total artices: 139
INFO:utils.util:Sleeping for 5.5 sec...
INFO:__main__:[56/125] Retrieved 4 articles links from https://journals.flvc.org/sal/issue/view/4925. Total artices: 143
INFO:utils.util:Sleeping for 5.2 sec...
INFO:__main__:[57/125] Retrieved 0 articles links from https://journals.flvc.org/sal/issue/view/4969. Total artices: 143
INFO:utils.util:Sleeping for 5.2 sec...
INFO:__main__:[58/125] Retrieved 3 articles links from https://journals.flvc.org/sal/issue/view/4883. Total artices: 146
INFO:utils.util:Sleeping for 6.1 sec...
INFO:__main__:[59/125] Retrieved 4 articles links from https://journals.flvc.org/sal/issue/view/4901. Total artices: 150
INFO:utils.util:Sleeping for 2.3 sec...
INFO:__main__:[60/125] Retrieved 6 articles links from https://journals.flvc.org/sal/issue/view/4936. Total artices: 156
INFO:utils.util:Sleeping for 6.0 sec...
INFO:__main__:[61/125] Retrieved 4 articles links from https://journals.flvc.org/sal/issue/view/4931. Total artices: 160
INFO:utils.util:Sleeping for 3.3 sec...
INFO:__main__:[62/125] Retrieved 0 articles links from https://journals.flvc.org/sal/issue/view/4975. Total artices: 160
INFO:utils.util:Sleeping for 2.8 sec...
INFO:__main__:[63/125] Retrieved 4 articles links from https://journals.flvc.org/sal/issue/view/4919. Total artices: 164
INFO:utils.util:Sleeping for 3.9 sec...
INFO:__main__:[64/125] Retrieved 3 articles links from https://journals.flvc.org/sal/issue/view/4915. Total artices: 167
INFO:utils.util:Sleeping for 3.3 sec...
INFO:__main__:[65/125] Retrieved 5 articles links from https://journals.flvc.org/sal/issue/view/4913. Total artices: 172
INFO:utils.util:Sleeping for 6.5 sec...
INFO:__main__:[66/125] Retrieved 4 articles links from https://journals.flvc.org/sal/issue/view/4890. Total artices: 176
INFO:utils.util:Sleeping for 1.8 sec...
INFO:__main__:[67/125] Retrieved 4 articles links from https://journals.flvc.org/sal/issue/view/4889. Total artices: 180
INFO:utils.util:Sleeping for 4.6 sec...
INFO:__main__:[68/125] Retrieved 6 articles links from https://journals.flvc.org/sal/issue/view/4985. Total artices: 186
INFO:utils.util:Sleeping for 3.4 sec...
INFO:__main__:[69/125] Retrieved 1 articles links from https://journals.flvc.org/sal/issue/view/4875. Total artices: 187
INFO:utils.util:Sleeping for 3.3 sec...
INFO:__main__:[70/125] Retrieved 0 articles links from https://journals.flvc.org/sal/issue/view/4957. Total artices: 187
INFO:utils.util:Sleeping for 1.9 sec...
INFO:__main__:[71/125] Retrieved 3 articles links from https://journals.flvc.org/sal/issue/view/4904. Total artices: 190
INFO:utils.util:Sleeping for 6.9 sec...
INFO:__main__:[72/125] Retrieved 4 articles links from https://journals.flvc.org/sal/issue/view/4902. Total artices: 194
INFO:utils.util:Sleeping for 2.6 sec...
INFO:__main__:[73/125] Retrieved 4 articles links from https://journals.flvc.org/sal/issue/view/4900. Total artices: 198
INFO:utils.util:Sleeping for 2.2 sec...
INFO:__main__:[74/125] Retrieved 3 articles links from https://journals.flvc.org/sal/issue/view/4908. Total artices: 201
INFO:utils.util:Sleeping for 1.7 sec...
INFO:__main__:[75/125] Retrieved 7 articles links from https://journals.flvc.org/sal/issue/view/5807. Total artices: 208
INFO:utils.util:Sleeping for 4.7 sec...
INFO:__main__:[76/125] Retrieved 3 articles links from https://journals.flvc.org/sal/issue/view/4882. Total artices: 211
INFO:utils.util:Sleeping for 3.8 sec...
INFO:__main__:[77/125] Retrieved 0 articles links from https://journals.flvc.org/sal/issue/view/4950. Total artices: 211
INFO:utils.util:Sleeping for 6.2 sec...
INFO:__main__:[78/125] Retrieved 0 articles links from https://journals.flvc.org/sal/issue/view/4942. Total artices: 211
INFO:utils.util:Sleeping for 3.1 sec...
INFO:__main__:[79/125] Retrieved 5 articles links from https://journals.flvc.org/sal/issue/view/4924. Total artices: 216
INFO:utils.util:Sleeping for 3.3 sec...
INFO:__main__:[80/125] Retrieved 3 articles links from https://journals.flvc.org/sal/issue/view/4897. Total artices: 219
INFO:utils.util:Sleeping for 1.7 sec...
INFO:__main__:[81/125] Retrieved 4 articles links from https://journals.flvc.org/sal/issue/view/4898. Total artices: 223
INFO:utils.util:Sleeping for 5.9 sec...
INFO:__main__:[82/125] Retrieved 6 articles links from https://journals.flvc.org/sal/issue/view/6052. Total artices: 229
INFO:utils.util:Sleeping for 4.5 sec...
INFO:__main__:[83/125] Retrieved 0 articles links from https://journals.flvc.org/sal/issue/view/4982. Total artices: 229
INFO:utils.util:Sleeping for 6.8 sec...
INFO:__main__:[84/125] Retrieved 3 articles links from https://journals.flvc.org/sal/issue/view/4906. Total artices: 232
INFO:utils.util:Sleeping for 4.0 sec...
INFO:__main__:[85/125] Retrieved 4 articles links from https://journals.flvc.org/sal/issue/view/4928. Total artices: 236
INFO:utils.util:Sleeping for 4.0 sec...
INFO:__main__:[86/125] Retrieved 3 articles links from https://journals.flvc.org/sal/issue/view/4874. Total artices: 239
INFO:utils.util:Sleeping for 7.0 sec...
INFO:__main__:[87/125] Retrieved 3 articles links from https://journals.flvc.org/sal/issue/view/4870. Total artices: 242
INFO:utils.util:Sleeping for 1.5 sec...
INFO:__main__:[88/125] Retrieved 4 articles links from https://journals.flvc.org/sal/issue/view/4937. Total artices: 246
INFO:utils.util:Sleeping for 2.0 sec...
INFO:__main__:[89/125] Retrieved 0 articles links from https://journals.flvc.org/sal/issue/view/4944. Total artices: 246
INFO:utils.util:Sleeping for 5.8 sec...
INFO:__main__:[90/125] Retrieved 0 articles links from https://journals.flvc.org/sal/issue/view/4972. Total artices: 246
INFO:utils.util:Sleeping for 3.6 sec...
INFO:__main__:[91/125] Retrieved 5 articles links from https://journals.flvc.org/sal/issue/view/4899. Total artices: 251
INFO:utils.util:Sleeping for 5.8 sec...
INFO:__main__:[92/125] Retrieved 4 articles links from https://journals.flvc.org/sal/issue/view/4922. Total artices: 255
INFO:utils.util:Sleeping for 2.8 sec...
INFO:__main__:[93/125] Retrieved 0 articles links from https://journals.flvc.org/sal/issue/view/4954. Total artices: 255
INFO:utils.util:Sleeping for 1.3 sec...
INFO:__main__:[94/125] Retrieved 0 articles links from https://journals.flvc.org/sal/issue/view/4953. Total artices: 255
INFO:utils.util:Sleeping for 2.5 sec...
INFO:__main__:[95/125] Retrieved 0 articles links from https://journals.flvc.org/sal/issue/view/4947. Total artices: 255
INFO:utils.util:Sleeping for 6.8 sec...
INFO:__main__:[96/125] Retrieved 5 articles links from https://journals.flvc.org/sal/issue/view/4926. Total artices: 260
INFO:utils.util:Sleeping for 3.1 sec...
INFO:__main__:[97/125] Retrieved 3 articles links from https://journals.flvc.org/sal/issue/view/4867. Total artices: 263
INFO:utils.util:Sleeping for 3.8 sec...
INFO:__main__:[98/125] Retrieved 0 articles links from https://journals.flvc.org/sal/issue/view/4980. Total artices: 263
INFO:utils.util:Sleeping for 4.9 sec...
INFO:__main__:[99/125] Retrieved 2 articles links from https://journals.flvc.org/sal/issue/view/4888. Total artices: 265
INFO:utils.util:Sleeping for 2.6 sec...
INFO:__main__:[100/125] Retrieved 6 articles links from https://journals.flvc.org/sal/issue/view/6106. Total artices: 271
INFO:utils.util:Sleeping for 3.7 sec...
INFO:__main__:[101/125] Retrieved 0 articles links from https://journals.flvc.org/sal/issue/view/4958. Total artices: 271
INFO:utils.util:Sleeping for 4.6 sec...
INFO:__main__:[102/125] Retrieved 5 articles links from https://journals.flvc.org/sal/issue/view/4892. Total artices: 276
INFO:utils.util:Sleeping for 3.5 sec...
INFO:__main__:[103/125] Retrieved 5 articles links from https://journals.flvc.org/sal/issue/view/4920. Total artices: 281
INFO:utils.util:Sleeping for 2.6 sec...
INFO:__main__:[104/125] Retrieved 0 articles links from https://journals.flvc.org/sal/issue/view/4961. Total artices: 281
INFO:utils.util:Sleeping for 5.6 sec...
INFO:__main__:[105/125] Retrieved 6 articles links from https://journals.flvc.org/sal/issue/view/5617. Total artices: 287
INFO:utils.util:Sleeping for 6.9 sec...
INFO:__main__:[106/125] Retrieved 6 articles links from https://journals.flvc.org/sal/issue/view/4929. Total artices: 293
INFO:utils.util:Sleeping for 1.3 sec...
INFO:__main__:[107/125] Retrieved 3 articles links from https://journals.flvc.org/sal/issue/view/4891. Total artices: 296
INFO:utils.util:Sleeping for 5.9 sec...
INFO:__main__:[108/125] Retrieved 3 articles links from https://journals.flvc.org/sal/issue/view/4907. Total artices: 299
INFO:utils.util:Sleeping for 5.5 sec...
INFO:__main__:[109/125] Retrieved 0 articles links from https://journals.flvc.org/sal/issue/view/4951. Total artices: 299
INFO:utils.util:Sleeping for 4.0 sec...
INFO:__main__:[110/125] Retrieved 3 articles links from https://journals.flvc.org/sal/issue/view/4914. Total artices: 302
INFO:utils.util:Sleeping for 2.3 sec...
INFO:__main__:[111/125] Retrieved 15 articles links from https://journals.flvc.org/sal/issue/view/4886. Total artices: 317
INFO:utils.util:Sleeping for 4.8 sec...
INFO:__main__:[112/125] Retrieved 0 articles links from https://journals.flvc.org/sal/issue/view/4970. Total artices: 317
INFO:utils.util:Sleeping for 1.8 sec...
INFO:__main__:[113/125] Retrieved 5 articles links from https://journals.flvc.org/sal/issue/view/4927. Total artices: 322
INFO:utils.util:Sleeping for 3.5 sec...
INFO:__main__:[114/125] Retrieved 0 articles links from https://journals.flvc.org/sal/issue/view/4952. Total artices: 322
INFO:utils.util:Sleeping for 3.0 sec...
INFO:__main__:[115/125] Retrieved 0 articles links from https://journals.flvc.org/sal/issue/view/4963. Total artices: 322
INFO:utils.util:Sleeping for 6.1 sec...
INFO:__main__:[116/125] Retrieved 0 articles links from https://journals.flvc.org/sal/issue/view/4946. Total artices: 322
INFO:utils.util:Sleeping for 5.1 sec...
INFO:__main__:[117/125] Retrieved 0 articles links from https://journals.flvc.org/sal/issue/view/4943. Total artices: 322
INFO:utils.util:Sleeping for 5.0 sec...
INFO:__main__:[118/125] Retrieved 5 articles links from https://journals.flvc.org/sal/issue/view/5323. Total artices: 327
INFO:utils.util:Sleeping for 1.5 sec...
INFO:__main__:[119/125] Retrieved 8 articles links from https://journals.flvc.org/sal/issue/view/5924. Total artices: 335
INFO:utils.util:Sleeping for 2.0 sec...
INFO:__main__:[120/125] Retrieved 3 articles links from https://journals.flvc.org/sal/issue/view/4911. Total artices: 338
INFO:utils.util:Sleeping for 4.8 sec...
INFO:__main__:[121/125] Retrieved 5 articles links from https://journals.flvc.org/sal/issue/view/4935. Total artices: 343
INFO:utils.util:Sleeping for 3.1 sec...
INFO:__main__:[122/125] Retrieved 3 articles links from https://journals.flvc.org/sal/issue/view/4887. Total artices: 346
INFO:utils.util:Sleeping for 1.1 sec...
INFO:__main__:[123/125] Retrieved 0 articles links from https://journals.flvc.org/sal/issue/view/4979. Total artices: 346
INFO:utils.util:Sleeping for 3.5 sec...
INFO:__main__:[124/125] Retrieved 0 articles links from https://journals.flvc.org/sal/issue/view/4949. Total artices: 346
INFO:utils.util:Sleeping for 2.2 sec...
INFO:__main__:[125/125] Retrieved 6 articles links from https://journals.flvc.org/sal/issue/view/5426. Total artices: 352
INFO:utils.util:Sleeping for 1.4 sec...
INFO:__main__:[1/352] Parsing article https://journals.flvc.org/sal/article/view/107420
INFO:utils.util:Sleeping for 2.4 sec...
INFO:__main__:[2/352] Parsing article https://journals.flvc.org/sal/article/view/107419
INFO:utils.util:Sleeping for 4.5 sec...
INFO:__main__:[3/352] Parsing article https://journals.flvc.org/sal/article/view/107421
INFO:utils.util:Sleeping for 2.7 sec...
INFO:__main__:[4/352] Parsing article https://journals.flvc.org/sal/article/view/107295
INFO:utils.util:Sleeping for 5.9 sec...
INFO:__main__:[5/352] Parsing article https://journals.flvc.org/sal/article/view/107296
INFO:utils.util:Sleeping for 4.8 sec...
INFO:__main__:[6/352] Parsing article https://journals.flvc.org/sal/article/view/107534
INFO:utils.util:Sleeping for 2.8 sec...
INFO:__main__:[7/352] Parsing article https://journals.flvc.org/sal/article/view/107533
INFO:utils.util:Sleeping for 6.0 sec...
INFO:__main__:[8/352] Parsing article https://journals.flvc.org/sal/article/view/107535
INFO:utils.util:Sleeping for 3.1 sec...
INFO:__main__:[9/352] Parsing article https://journals.flvc.org/sal/article/view/107532
INFO:utils.util:Sleeping for 6.1 sec...
INFO:__main__:[10/352] Parsing article https://journals.flvc.org/sal/article/view/107292
INFO:utils.util:Sleeping for 7.0 sec...
INFO:__main__:[11/352] Parsing article https://journals.flvc.org/sal/article/view/107293
INFO:utils.util:Sleeping for 5.4 sec...
INFO:__main__:[12/352] Parsing article https://journals.flvc.org/sal/article/view/107294
INFO:utils.util:Sleeping for 1.8 sec...
INFO:__main__:[13/352] Parsing article https://journals.flvc.org/sal/article/view/107500
INFO:utils.util:Sleeping for 3.2 sec...
INFO:__main__:[14/352] Parsing article https://journals.flvc.org/sal/article/view/107498
INFO:utils.util:Sleeping for 5.0 sec...
INFO:__main__:[15/352] Parsing article https://journals.flvc.org/sal/article/view/107499
INFO:utils.util:Sleeping for 4.0 sec...
INFO:__main__:[16/352] Parsing article https://journals.flvc.org/sal/article/view/107501
INFO:utils.util:Sleeping for 1.9 sec...
INFO:__main__:[17/352] Parsing article https://journals.flvc.org/sal/article/view/107356
INFO:utils.util:Sleeping for 6.6 sec...
INFO:__main__:[18/352] Parsing article https://journals.flvc.org/sal/article/view/107358
INFO:utils.util:Sleeping for 6.5 sec...
INFO:__main__:[19/352] Parsing article https://journals.flvc.org/sal/article/view/107357
INFO:utils.util:Sleeping for 5.6 sec...
INFO:__main__:[20/352] Parsing article https://journals.flvc.org/sal/article/view/107359
INFO:utils.util:Sleeping for 1.5 sec...
INFO:__main__:[21/352] Parsing article https://journals.flvc.org/sal/article/view/107351
INFO:utils.util:Sleeping for 2.1 sec...
INFO:__main__:[22/352] Parsing article https://journals.flvc.org/sal/article/view/107354
INFO:utils.util:Sleeping for 3.0 sec...
INFO:__main__:[23/352] Parsing article https://journals.flvc.org/sal/article/view/107349
INFO:utils.util:Sleeping for 4.6 sec...
INFO:__main__:[24/352] Parsing article https://journals.flvc.org/sal/article/view/107352
INFO:utils.util:Sleeping for 3.7 sec...
INFO:__main__:[25/352] Parsing article https://journals.flvc.org/sal/article/view/107353
INFO:utils.util:Sleeping for 3.2 sec...
INFO:__main__:[26/352] Parsing article https://journals.flvc.org/sal/article/view/107355
INFO:utils.util:Sleeping for 2.3 sec...
INFO:__main__:[27/352] Parsing article https://journals.flvc.org/sal/article/view/107350
INFO:utils.util:Sleeping for 2.3 sec...
INFO:__main__:[28/352] Parsing article https://journals.flvc.org/sal/article/view/107437
INFO:utils.util:Sleeping for 5.7 sec...
INFO:__main__:[29/352] Parsing article https://journals.flvc.org/sal/article/view/107434
INFO:utils.util:Sleeping for 1.3 sec...
INFO:__main__:[30/352] Parsing article https://journals.flvc.org/sal/article/view/107433
INFO:utils.util:Sleeping for 5.2 sec...
INFO:__main__:[31/352] Parsing article https://journals.flvc.org/sal/article/view/107435
INFO:utils.util:Sleeping for 6.3 sec...
INFO:__main__:[32/352] Parsing article https://journals.flvc.org/sal/article/view/107436
INFO:utils.util:Sleeping for 4.3 sec...
INFO:__main__:[33/352] Parsing article https://journals.flvc.org/sal/article/view/107515
INFO:utils.util:Sleeping for 3.6 sec...
INFO:__main__:[34/352] Parsing article https://journals.flvc.org/sal/article/view/107516
INFO:utils.util:Sleeping for 1.5 sec...
INFO:__main__:[35/352] Parsing article https://journals.flvc.org/sal/article/view/107514
INFO:utils.util:Sleeping for 3.1 sec...
INFO:__main__:[36/352] Parsing article https://journals.flvc.org/sal/article/view/107276
INFO:utils.util:Sleeping for 4.7 sec...
INFO:__main__:[37/352] Parsing article https://journals.flvc.org/sal/article/view/107277
INFO:utils.util:Sleeping for 6.1 sec...
INFO:__main__:[38/352] Parsing article https://journals.flvc.org/sal/article/view/107278
INFO:utils.util:Sleeping for 3.6 sec...
INFO:__main__:[39/352] Parsing article https://journals.flvc.org/sal/article/view/117236
INFO:utils.util:Sleeping for 4.6 sec...
INFO:__main__:[40/352] Parsing article https://journals.flvc.org/sal/article/view/118531
INFO:utils.util:Sleeping for 2.5 sec...
INFO:__main__:[41/352] Parsing article https://journals.flvc.org/sal/article/view/123680
INFO:utils.util:Sleeping for 4.5 sec...
INFO:__main__:[42/352] Parsing article https://journals.flvc.org/sal/article/view/122286
INFO:utils.util:Sleeping for 4.6 sec...
INFO:__main__:[43/352] Parsing article https://journals.flvc.org/sal/article/view/125996
INFO:utils.util:Sleeping for 5.1 sec...
INFO:__main__:[44/352] Parsing article https://journals.flvc.org/sal/article/view/125661
INFO:utils.util:Sleeping for 1.4 sec...
INFO:__main__:[45/352] Parsing article https://journals.flvc.org/sal/article/view/107507
INFO:utils.util:Sleeping for 3.2 sec...
INFO:__main__:[46/352] Parsing article https://journals.flvc.org/sal/article/view/107508
INFO:utils.util:Sleeping for 2.0 sec...
INFO:__main__:[47/352] Parsing article https://journals.flvc.org/sal/article/view/107509
INFO:utils.util:Sleeping for 5.2 sec...
INFO:__main__:[48/352] Parsing article https://journals.flvc.org/sal/article/view/107506
INFO:utils.util:Sleeping for 5.0 sec...
INFO:__main__:[49/352] Parsing article https://journals.flvc.org/sal/article/view/107397
INFO:utils.util:Sleeping for 6.6 sec...
INFO:__main__:[50/352] Parsing article https://journals.flvc.org/sal/article/view/107400
INFO:utils.util:Sleeping for 2.9 sec...
INFO:__main__:[51/352] Parsing article https://journals.flvc.org/sal/article/view/107399
INFO:utils.util:Sleeping for 3.8 sec...
INFO:__main__:[52/352] Parsing article https://journals.flvc.org/sal/article/view/107401
INFO:utils.util:Sleeping for 3.7 sec...
INFO:__main__:[53/352] Parsing article https://journals.flvc.org/sal/article/view/107398
INFO:utils.util:Sleeping for 1.6 sec...
INFO:__main__:[54/352] Parsing article https://journals.flvc.org/sal/article/view/107239
INFO:utils.util:Sleeping for 6.4 sec...
INFO:__main__:[55/352] Parsing article https://journals.flvc.org/sal/article/view/107240
INFO:utils.util:Sleeping for 4.7 sec...
INFO:__main__:[56/352] Parsing article https://journals.flvc.org/sal/article/view/107241
INFO:utils.util:Sleeping for 6.4 sec...
INFO:__main__:[57/352] Parsing article https://journals.flvc.org/sal/article/view/107242
INFO:utils.util:Sleeping for 3.5 sec...
INFO:__main__:[58/352] Parsing article https://journals.flvc.org/sal/article/view/107243
INFO:utils.util:Sleeping for 2.9 sec...
INFO:__main__:[59/352] Parsing article https://journals.flvc.org/sal/article/view/107244
INFO:utils.util:Sleeping for 4.8 sec...
INFO:__main__:[60/352] Parsing article https://journals.flvc.org/sal/article/view/107245
INFO:utils.util:Sleeping for 1.9 sec...
INFO:__main__:[61/352] Parsing article https://journals.flvc.org/sal/article/view/107246
INFO:utils.util:Sleeping for 3.4 sec...
INFO:__main__:[62/352] Parsing article https://journals.flvc.org/sal/article/view/107247
INFO:utils.util:Sleeping for 5.0 sec...
INFO:__main__:[63/352] Parsing article https://journals.flvc.org/sal/article/view/107248
INFO:utils.util:Sleeping for 4.3 sec...
INFO:__main__:[64/352] Parsing article https://journals.flvc.org/sal/article/view/107249
INFO:utils.util:Sleeping for 4.1 sec...
INFO:__main__:[65/352] Parsing article https://journals.flvc.org/sal/article/view/107250
INFO:utils.util:Sleeping for 1.4 sec...
INFO:__main__:[66/352] Parsing article https://journals.flvc.org/sal/article/view/107297
INFO:utils.util:Sleeping for 1.4 sec...
INFO:__main__:[67/352] Parsing article https://journals.flvc.org/sal/article/view/107298
INFO:utils.util:Sleeping for 4.5 sec...
INFO:__main__:[68/352] Parsing article https://journals.flvc.org/sal/article/view/107299
INFO:utils.util:Sleeping for 3.8 sec...
INFO:__main__:[69/352] Parsing article https://journals.flvc.org/sal/article/view/107300
INFO:utils.util:Sleeping for 2.2 sec...
INFO:__main__:[70/352] Parsing article https://journals.flvc.org/sal/article/view/107458
INFO:utils.util:Sleeping for 4.7 sec...
INFO:__main__:[71/352] Parsing article https://journals.flvc.org/sal/article/view/107459
INFO:utils.util:Sleeping for 1.2 sec...
INFO:__main__:[72/352] Parsing article https://journals.flvc.org/sal/article/view/107460
INFO:utils.util:Sleeping for 3.1 sec...
INFO:__main__:[73/352] Parsing article https://journals.flvc.org/sal/article/view/107364
INFO:utils.util:Sleeping for 1.5 sec...
INFO:__main__:[74/352] Parsing article https://journals.flvc.org/sal/article/view/107360
INFO:utils.util:Sleeping for 1.5 sec...
INFO:__main__:[75/352] Parsing article https://journals.flvc.org/sal/article/view/107362
INFO:utils.util:Sleeping for 3.6 sec...
INFO:__main__:[76/352] Parsing article https://journals.flvc.org/sal/article/view/107363
INFO:utils.util:Sleeping for 4.8 sec...
INFO:__main__:[77/352] Parsing article https://journals.flvc.org/sal/article/view/107361
INFO:utils.util:Sleeping for 1.3 sec...
INFO:__main__:[78/352] Parsing article https://journals.flvc.org/sal/article/view/107467
INFO:utils.util:Sleeping for 4.1 sec...
INFO:__main__:[79/352] Parsing article https://journals.flvc.org/sal/article/view/107465
INFO:utils.util:Sleeping for 4.7 sec...
INFO:__main__:[80/352] Parsing article https://journals.flvc.org/sal/article/view/107468
INFO:utils.util:Sleeping for 1.5 sec...
INFO:__main__:[81/352] Parsing article https://journals.flvc.org/sal/article/view/107466
INFO:utils.util:Sleeping for 1.9 sec...
INFO:__main__:[82/352] Parsing article https://journals.flvc.org/sal/article/view/107445
INFO:utils.util:Sleeping for 6.7 sec...
INFO:__main__:[83/352] Parsing article https://journals.flvc.org/sal/article/view/107448
INFO:utils.util:Sleeping for 4.4 sec...
INFO:__main__:[84/352] Parsing article https://journals.flvc.org/sal/article/view/107444
INFO:utils.util:Sleeping for 5.5 sec...
INFO:__main__:[85/352] Parsing article https://journals.flvc.org/sal/article/view/107442
INFO:utils.util:Sleeping for 5.3 sec...
INFO:__main__:[86/352] Parsing article https://journals.flvc.org/sal/article/view/107446
INFO:utils.util:Sleeping for 1.2 sec...
INFO:__main__:[87/352] Parsing article https://journals.flvc.org/sal/article/view/107441
INFO:utils.util:Sleeping for 3.4 sec...
INFO:__main__:[88/352] Parsing article https://journals.flvc.org/sal/article/view/107447
INFO:utils.util:Sleeping for 4.2 sec...
INFO:__main__:[89/352] Parsing article https://journals.flvc.org/sal/article/view/107443
INFO:utils.util:Sleeping for 5.7 sec...
INFO:__main__:[90/352] Parsing article https://journals.flvc.org/sal/article/view/107283
INFO:utils.util:Sleeping for 5.9 sec...
INFO:__main__:[91/352] Parsing article https://journals.flvc.org/sal/article/view/107284
INFO:utils.util:Sleeping for 3.7 sec...
INFO:__main__:[92/352] Parsing article https://journals.flvc.org/sal/article/view/107264
INFO:utils.util:Sleeping for 5.7 sec...
INFO:__main__:[93/352] Parsing article https://journals.flvc.org/sal/article/view/107266
INFO:utils.util:Sleeping for 2.6 sec...
INFO:__main__:[94/352] Parsing article https://journals.flvc.org/sal/article/view/107265
INFO:utils.util:Sleeping for 6.1 sec...
INFO:__main__:[95/352] Parsing article https://journals.flvc.org/sal/article/view/107307
INFO:utils.util:Sleeping for 3.6 sec...
INFO:__main__:[96/352] Parsing article https://journals.flvc.org/sal/article/view/107308
INFO:utils.util:Sleeping for 1.7 sec...
INFO:__main__:[97/352] Parsing article https://journals.flvc.org/sal/article/view/107309
INFO:utils.util:Sleeping for 1.7 sec...
INFO:__main__:[98/352] Parsing article https://journals.flvc.org/sal/article/view/107270
INFO:utils.util:Sleeping for 5.2 sec...
INFO:__main__:[99/352] Parsing article https://journals.flvc.org/sal/article/view/107271
INFO:utils.util:Sleeping for 2.5 sec...
INFO:__main__:[100/352] Parsing article https://journals.flvc.org/sal/article/view/107272
INFO:utils.util:Sleeping for 3.5 sec...
INFO:__main__:[101/352] Parsing article https://journals.flvc.org/sal/article/view/107415
INFO:utils.util:Sleeping for 3.9 sec...
INFO:__main__:[102/352] Parsing article https://journals.flvc.org/sal/article/view/107414
INFO:utils.util:Sleeping for 5.1 sec...
INFO:__main__:[103/352] Parsing article https://journals.flvc.org/sal/article/view/107310
INFO:utils.util:Sleeping for 1.5 sec...
INFO:__main__:[104/352] Parsing article https://journals.flvc.org/sal/article/view/107311
INFO:utils.util:Sleeping for 4.5 sec...
INFO:__main__:[105/352] Parsing article https://journals.flvc.org/sal/article/view/107312
INFO:utils.util:Sleeping for 2.0 sec...
INFO:__main__:[106/352] Parsing article https://journals.flvc.org/sal/article/view/107413
INFO:utils.util:Sleeping for 1.1 sec...
INFO:__main__:[107/352] Parsing article https://journals.flvc.org/sal/article/view/107412
INFO:utils.util:Sleeping for 2.0 sec...
INFO:__main__:[108/352] Parsing article https://journals.flvc.org/sal/article/view/107411
INFO:utils.util:Sleeping for 6.4 sec...
INFO:__main__:[109/352] Parsing article https://journals.flvc.org/sal/article/view/107438
INFO:utils.util:Sleeping for 1.2 sec...
INFO:__main__:[110/352] Parsing article https://journals.flvc.org/sal/article/view/107439
INFO:utils.util:Sleeping for 2.1 sec...
INFO:__main__:[111/352] Parsing article https://journals.flvc.org/sal/article/view/107440
INFO:utils.util:Sleeping for 4.3 sec...
INFO:__main__:[112/352] Parsing article https://journals.flvc.org/sal/article/view/107263
INFO:utils.util:Sleeping for 3.7 sec...
INFO:__main__:[113/352] Parsing article https://journals.flvc.org/sal/article/view/107261
INFO:utils.util:Sleeping for 5.3 sec...
INFO:__main__:[114/352] Parsing article https://journals.flvc.org/sal/article/view/107262
INFO:utils.util:Sleeping for 3.6 sec...
INFO:__main__:[115/352] Parsing article https://journals.flvc.org/sal/article/view/107390
INFO:utils.util:Sleeping for 1.2 sec...
INFO:__main__:[116/352] Parsing article https://journals.flvc.org/sal/article/view/107391
INFO:utils.util:Sleeping for 5.6 sec...
INFO:__main__:[117/352] Parsing article https://journals.flvc.org/sal/article/view/107392
INFO:utils.util:Sleeping for 5.5 sec...
INFO:__main__:[118/352] Parsing article https://journals.flvc.org/sal/article/view/107393
INFO:utils.util:Sleeping for 6.3 sec...
INFO:__main__:[119/352] Parsing article https://journals.flvc.org/sal/article/view/107257
INFO:utils.util:Sleeping for 3.5 sec...
INFO:__main__:[120/352] Parsing article https://journals.flvc.org/sal/article/view/107256
INFO:utils.util:Sleeping for 6.9 sec...
INFO:__main__:[121/352] Parsing article https://journals.flvc.org/sal/article/view/107255
INFO:utils.util:Sleeping for 2.7 sec...
INFO:__main__:[122/352] Parsing article https://journals.flvc.org/sal/article/view/107254
INFO:utils.util:Sleeping for 2.8 sec...
INFO:__main__:[123/352] Parsing article https://journals.flvc.org/sal/article/view/107253
INFO:utils.util:Sleeping for 4.1 sec...
INFO:__main__:[124/352] Parsing article https://journals.flvc.org/sal/article/view/107252
INFO:utils.util:Sleeping for 5.9 sec...
INFO:__main__:[125/352] Parsing article https://journals.flvc.org/sal/article/view/107251
INFO:utils.util:Sleeping for 1.0 sec...
INFO:__main__:[126/352] Parsing article https://journals.flvc.org/sal/article/view/107286
INFO:utils.util:Sleeping for 2.6 sec...
INFO:__main__:[127/352] Parsing article https://journals.flvc.org/sal/article/view/107287
INFO:utils.util:Sleeping for 1.4 sec...
INFO:__main__:[128/352] Parsing article https://journals.flvc.org/sal/article/view/107285
INFO:utils.util:Sleeping for 1.1 sec...
INFO:__main__:[129/352] Parsing article https://journals.flvc.org/sal/article/view/107288
INFO:utils.util:Sleeping for 5.5 sec...
INFO:__main__:[130/352] Parsing article https://journals.flvc.org/sal/article/view/107289
INFO:utils.util:Sleeping for 1.2 sec...
INFO:__main__:[131/352] Parsing article https://journals.flvc.org/sal/article/view/107290
INFO:utils.util:Sleeping for 5.5 sec...
INFO:__main__:[132/352] Parsing article https://journals.flvc.org/sal/article/view/107291
INFO:utils.util:Sleeping for 4.0 sec...
INFO:__main__:[133/352] Parsing article https://journals.flvc.org/sal/article/view/107511
INFO:utils.util:Sleeping for 1.8 sec...
INFO:__main__:[134/352] Parsing article https://journals.flvc.org/sal/article/view/107513
INFO:utils.util:Sleeping for 1.7 sec...
INFO:__main__:[135/352] Parsing article https://journals.flvc.org/sal/article/view/107512
INFO:utils.util:Sleeping for 2.3 sec...
INFO:__main__:[136/352] Parsing article https://journals.flvc.org/sal/article/view/107510
INFO:utils.util:Sleeping for 3.6 sec...
INFO:__main__:[137/352] Parsing article https://journals.flvc.org/sal/article/view/107273
INFO:utils.util:Sleeping for 6.5 sec...
INFO:__main__:[138/352] Parsing article https://journals.flvc.org/sal/article/view/107274
INFO:utils.util:Sleeping for 5.4 sec...
INFO:__main__:[139/352] Parsing article https://journals.flvc.org/sal/article/view/107275
INFO:utils.util:Sleeping for 6.4 sec...
INFO:__main__:[140/352] Parsing article https://journals.flvc.org/sal/article/view/107476
INFO:utils.util:Sleeping for 6.7 sec...
INFO:__main__:[141/352] Parsing article https://journals.flvc.org/sal/article/view/107475
ERROR:__main__:Exception occurred while parsing article https://journals.flvc.org/sal/article/view/107475: HTTPSConnectionPool(host='journals.flvc.org', port=443): Max retries exceeded with url: /sal/article/view/107475 (Caused by NewConnectionError('<urllib3.connection.HTTPSConnection object at 0x000002387CE853F0>: Failed to establish a new connection: [Errno 11001] getaddrinfo failed'))
Traceback (most recent call last):
  File "C:\Program Files\Python310\lib\site-packages\urllib3\connection.py", line 174, in _new_conn
    conn = connection.create_connection(
  File "C:\Program Files\Python310\lib\site-packages\urllib3\util\connection.py", line 72, in create_connection
    for res in socket.getaddrinfo(host, port, family, socket.SOCK_STREAM):
  File "C:\Program Files\Python310\lib\socket.py", line 955, in getaddrinfo
    for res in _socket.getaddrinfo(host, port, family, type, proto, flags):
socket.gaierror: [Errno 11001] getaddrinfo failed

During handling of the above exception, another exception occurred:

Traceback (most recent call last):
  File "C:\Program Files\Python310\lib\site-packages\urllib3\connectionpool.py", line 703, in urlopen
    httplib_response = self._make_request(
  File "C:\Program Files\Python310\lib\site-packages\urllib3\connectionpool.py", line 386, in _make_request
    self._validate_conn(conn)
  File "C:\Program Files\Python310\lib\site-packages\urllib3\connectionpool.py", line 1042, in _validate_conn
    conn.connect()
  File "C:\Program Files\Python310\lib\site-packages\urllib3\connection.py", line 363, in connect
    self.sock = conn = self._new_conn()
  File "C:\Program Files\Python310\lib\site-packages\urllib3\connection.py", line 186, in _new_conn
    raise NewConnectionError(
urllib3.exceptions.NewConnectionError: <urllib3.connection.HTTPSConnection object at 0x000002387CE853F0>: Failed to establish a new connection: [Errno 11001] getaddrinfo failed

During handling of the above exception, another exception occurred:

Traceback (most recent call last):
  File "C:\Program Files\Python310\lib\site-packages\requests\adapters.py", line 489, in send
    resp = conn.urlopen(
  File "C:\Program Files\Python310\lib\site-packages\urllib3\connectionpool.py", line 787, in urlopen
    retries = retries.increment(
  File "C:\Program Files\Python310\lib\site-packages\urllib3\util\retry.py", line 592, in increment
    raise MaxRetryError(_pool, url, error or ResponseError(cause))
urllib3.exceptions.MaxRetryError: HTTPSConnectionPool(host='journals.flvc.org', port=443): Max retries exceeded with url: /sal/article/view/107475 (Caused by NewConnectionError('<urllib3.connection.HTTPSConnection object at 0x000002387CE853F0>: Failed to establish a new connection: [Errno 11001] getaddrinfo failed'))

During handling of the above exception, another exception occurred:

Traceback (most recent call last):
  File "C:\Users\Kesha\dev\hse-practice-summer-2023\journals\african.py", line 86, in <module>
    parsed_data = parse_artile(link)
  File "C:\Users\Kesha\dev\hse-practice-summer-2023\journals\african.py", line 52, in parse_artile
    bs = parse_link(link)
  File "C:\Users\Kesha\dev\hse-practice-summer-2023\journals\utils\util.py", line 23, in parse_link
    page_html = get(link, headers=headers).text
  File "C:\Program Files\Python310\lib\site-packages\requests\api.py", line 73, in get
    return request("get", url, params=params, **kwargs)
  File "C:\Program Files\Python310\lib\site-packages\requests\api.py", line 59, in request
    return session.request(method=method, url=url, **kwargs)
  File "C:\Program Files\Python310\lib\site-packages\requests\sessions.py", line 587, in request
    resp = self.send(prep, **send_kwargs)
  File "C:\Program Files\Python310\lib\site-packages\requests\sessions.py", line 701, in send
    r = adapter.send(request, **kwargs)
  File "C:\Program Files\Python310\lib\site-packages\requests\adapters.py", line 565, in send
    raise ConnectionError(e, request=request)
requests.exceptions.ConnectionError: HTTPSConnectionPool(host='journals.flvc.org', port=443): Max retries exceeded with url: /sal/article/view/107475 (Caused by NewConnectionError('<urllib3.connection.HTTPSConnection object at 0x000002387CE853F0>: Failed to establish a new connection: [Errno 11001] getaddrinfo failed'))
ERROR:__main__:Sleeping for 60 seconds...
Traceback (most recent call last):
  File "C:\Program Files\Python310\lib\site-packages\urllib3\connection.py", line 174, in _new_conn
    conn = connection.create_connection(
  File "C:\Program Files\Python310\lib\site-packages\urllib3\util\connection.py", line 72, in create_connection
    for res in socket.getaddrinfo(host, port, family, socket.SOCK_STREAM):
  File "C:\Program Files\Python310\lib\socket.py", line 955, in getaddrinfo
    for res in _socket.getaddrinfo(host, port, family, type, proto, flags):
socket.gaierror: [Errno 11001] getaddrinfo failed

During handling of the above exception, another exception occurred:

Traceback (most recent call last):
  File "C:\Program Files\Python310\lib\site-packages\urllib3\connectionpool.py", line 703, in urlopen
    httplib_response = self._make_request(
  File "C:\Program Files\Python310\lib\site-packages\urllib3\connectionpool.py", line 386, in _make_request
    self._validate_conn(conn)
  File "C:\Program Files\Python310\lib\site-packages\urllib3\connectionpool.py", line 1042, in _validate_conn
    conn.connect()
  File "C:\Program Files\Python310\lib\site-packages\urllib3\connection.py", line 363, in connect
    self.sock = conn = self._new_conn()
  File "C:\Program Files\Python310\lib\site-packages\urllib3\connection.py", line 186, in _new_conn
    raise NewConnectionError(
urllib3.exceptions.NewConnectionError: <urllib3.connection.HTTPSConnection object at 0x000002387CE853F0>: Failed to establish a new connection: [Errno 11001] getaddrinfo failed

During handling of the above exception, another exception occurred:

Traceback (most recent call last):
  File "C:\Program Files\Python310\lib\site-packages\requests\adapters.py", line 489, in send
    resp = conn.urlopen(
  File "C:\Program Files\Python310\lib\site-packages\urllib3\connectionpool.py", line 787, in urlopen
    retries = retries.increment(
  File "C:\Program Files\Python310\lib\site-packages\urllib3\util\retry.py", line 592, in increment
    raise MaxRetryError(_pool, url, error or ResponseError(cause))
urllib3.exceptions.MaxRetryError: HTTPSConnectionPool(host='journals.flvc.org', port=443): Max retries exceeded with url: /sal/article/view/107475 (Caused by NewConnectionError('<urllib3.connection.HTTPSConnection object at 0x000002387CE853F0>: Failed to establish a new connection: [Errno 11001] getaddrinfo failed'))

During handling of the above exception, another exception occurred:

Traceback (most recent call last):
  File "C:\Users\Kesha\dev\hse-practice-summer-2023\journals\african.py", line 86, in <module>
    parsed_data = parse_artile(link)
  File "C:\Users\Kesha\dev\hse-practice-summer-2023\journals\african.py", line 52, in parse_artile
    bs = parse_link(link)
  File "C:\Users\Kesha\dev\hse-practice-summer-2023\journals\utils\util.py", line 23, in parse_link
    page_html = get(link, headers=headers).text
  File "C:\Program Files\Python310\lib\site-packages\requests\api.py", line 73, in get
    return request("get", url, params=params, **kwargs)
  File "C:\Program Files\Python310\lib\site-packages\requests\api.py", line 59, in request
    return session.request(method=method, url=url, **kwargs)
  File "C:\Program Files\Python310\lib\site-packages\requests\sessions.py", line 587, in request
    resp = self.send(prep, **send_kwargs)
  File "C:\Program Files\Python310\lib\site-packages\requests\sessions.py", line 701, in send
    r = adapter.send(request, **kwargs)
  File "C:\Program Files\Python310\lib\site-packages\requests\adapters.py", line 565, in send
    raise ConnectionError(e, request=request)
requests.exceptions.ConnectionError: HTTPSConnectionPool(host='journals.flvc.org', port=443): Max retries exceeded with url: /sal/article/view/107475 (Caused by NewConnectionError('<urllib3.connection.HTTPSConnection object at 0x000002387CE853F0>: Failed to establish a new connection: [Errno 11001] getaddrinfo failed'))
INFO:__main__:[142/352] Parsing article https://journals.flvc.org/sal/article/view/107477
ERROR:__main__:Exception occurred while parsing article https://journals.flvc.org/sal/article/view/107477: HTTPSConnectionPool(host='journals.flvc.org', port=443): Max retries exceeded with url: /sal/article/view/107477 (Caused by NewConnectionError('<urllib3.connection.HTTPSConnection object at 0x000002387CE84D00>: Failed to establish a new connection: [Errno 11001] getaddrinfo failed'))
Traceback (most recent call last):
  File "C:\Program Files\Python310\lib\site-packages\urllib3\connection.py", line 174, in _new_conn
    conn = connection.create_connection(
  File "C:\Program Files\Python310\lib\site-packages\urllib3\util\connection.py", line 72, in create_connection
    for res in socket.getaddrinfo(host, port, family, socket.SOCK_STREAM):
  File "C:\Program Files\Python310\lib\socket.py", line 955, in getaddrinfo
    for res in _socket.getaddrinfo(host, port, family, type, proto, flags):
socket.gaierror: [Errno 11001] getaddrinfo failed

During handling of the above exception, another exception occurred:

Traceback (most recent call last):
  File "C:\Program Files\Python310\lib\site-packages\urllib3\connectionpool.py", line 703, in urlopen
    httplib_response = self._make_request(
  File "C:\Program Files\Python310\lib\site-packages\urllib3\connectionpool.py", line 386, in _make_request
    self._validate_conn(conn)
  File "C:\Program Files\Python310\lib\site-packages\urllib3\connectionpool.py", line 1042, in _validate_conn
    conn.connect()
  File "C:\Program Files\Python310\lib\site-packages\urllib3\connection.py", line 363, in connect
    self.sock = conn = self._new_conn()
  File "C:\Program Files\Python310\lib\site-packages\urllib3\connection.py", line 186, in _new_conn
    raise NewConnectionError(
urllib3.exceptions.NewConnectionError: <urllib3.connection.HTTPSConnection object at 0x000002387CE84D00>: Failed to establish a new connection: [Errno 11001] getaddrinfo failed

During handling of the above exception, another exception occurred:

Traceback (most recent call last):
  File "C:\Program Files\Python310\lib\site-packages\requests\adapters.py", line 489, in send
    resp = conn.urlopen(
  File "C:\Program Files\Python310\lib\site-packages\urllib3\connectionpool.py", line 787, in urlopen
    retries = retries.increment(
  File "C:\Program Files\Python310\lib\site-packages\urllib3\util\retry.py", line 592, in increment
    raise MaxRetryError(_pool, url, error or ResponseError(cause))
urllib3.exceptions.MaxRetryError: HTTPSConnectionPool(host='journals.flvc.org', port=443): Max retries exceeded with url: /sal/article/view/107477 (Caused by NewConnectionError('<urllib3.connection.HTTPSConnection object at 0x000002387CE84D00>: Failed to establish a new connection: [Errno 11001] getaddrinfo failed'))

During handling of the above exception, another exception occurred:

Traceback (most recent call last):
  File "C:\Users\Kesha\dev\hse-practice-summer-2023\journals\african.py", line 86, in <module>
    parsed_data = parse_artile(link)
  File "C:\Users\Kesha\dev\hse-practice-summer-2023\journals\african.py", line 52, in parse_artile
    bs = parse_link(link)
  File "C:\Users\Kesha\dev\hse-practice-summer-2023\journals\utils\util.py", line 23, in parse_link
    page_html = get(link, headers=headers).text
  File "C:\Program Files\Python310\lib\site-packages\requests\api.py", line 73, in get
    return request("get", url, params=params, **kwargs)
  File "C:\Program Files\Python310\lib\site-packages\requests\api.py", line 59, in request
    return session.request(method=method, url=url, **kwargs)
  File "C:\Program Files\Python310\lib\site-packages\requests\sessions.py", line 587, in request
    resp = self.send(prep, **send_kwargs)
  File "C:\Program Files\Python310\lib\site-packages\requests\sessions.py", line 701, in send
    r = adapter.send(request, **kwargs)
  File "C:\Program Files\Python310\lib\site-packages\requests\adapters.py", line 565, in send
    raise ConnectionError(e, request=request)
requests.exceptions.ConnectionError: HTTPSConnectionPool(host='journals.flvc.org', port=443): Max retries exceeded with url: /sal/article/view/107477 (Caused by NewConnectionError('<urllib3.connection.HTTPSConnection object at 0x000002387CE84D00>: Failed to establish a new connection: [Errno 11001] getaddrinfo failed'))
ERROR:__main__:Sleeping for 60 seconds...
Traceback (most recent call last):
  File "C:\Program Files\Python310\lib\site-packages\urllib3\connection.py", line 174, in _new_conn
    conn = connection.create_connection(
  File "C:\Program Files\Python310\lib\site-packages\urllib3\util\connection.py", line 72, in create_connection
    for res in socket.getaddrinfo(host, port, family, socket.SOCK_STREAM):
  File "C:\Program Files\Python310\lib\socket.py", line 955, in getaddrinfo
    for res in _socket.getaddrinfo(host, port, family, type, proto, flags):
socket.gaierror: [Errno 11001] getaddrinfo failed

During handling of the above exception, another exception occurred:

Traceback (most recent call last):
  File "C:\Program Files\Python310\lib\site-packages\urllib3\connectionpool.py", line 703, in urlopen
    httplib_response = self._make_request(
  File "C:\Program Files\Python310\lib\site-packages\urllib3\connectionpool.py", line 386, in _make_request
    self._validate_conn(conn)
  File "C:\Program Files\Python310\lib\site-packages\urllib3\connectionpool.py", line 1042, in _validate_conn
    conn.connect()
  File "C:\Program Files\Python310\lib\site-packages\urllib3\connection.py", line 363, in connect
    self.sock = conn = self._new_conn()
  File "C:\Program Files\Python310\lib\site-packages\urllib3\connection.py", line 186, in _new_conn
    raise NewConnectionError(
urllib3.exceptions.NewConnectionError: <urllib3.connection.HTTPSConnection object at 0x000002387CE84D00>: Failed to establish a new connection: [Errno 11001] getaddrinfo failed

During handling of the above exception, another exception occurred:

Traceback (most recent call last):
  File "C:\Program Files\Python310\lib\site-packages\requests\adapters.py", line 489, in send
    resp = conn.urlopen(
  File "C:\Program Files\Python310\lib\site-packages\urllib3\connectionpool.py", line 787, in urlopen
    retries = retries.increment(
  File "C:\Program Files\Python310\lib\site-packages\urllib3\util\retry.py", line 592, in increment
    raise MaxRetryError(_pool, url, error or ResponseError(cause))
urllib3.exceptions.MaxRetryError: HTTPSConnectionPool(host='journals.flvc.org', port=443): Max retries exceeded with url: /sal/article/view/107477 (Caused by NewConnectionError('<urllib3.connection.HTTPSConnection object at 0x000002387CE84D00>: Failed to establish a new connection: [Errno 11001] getaddrinfo failed'))

During handling of the above exception, another exception occurred:

Traceback (most recent call last):
  File "C:\Users\Kesha\dev\hse-practice-summer-2023\journals\african.py", line 86, in <module>
    parsed_data = parse_artile(link)
  File "C:\Users\Kesha\dev\hse-practice-summer-2023\journals\african.py", line 52, in parse_artile
    bs = parse_link(link)
  File "C:\Users\Kesha\dev\hse-practice-summer-2023\journals\utils\util.py", line 23, in parse_link
    page_html = get(link, headers=headers).text
  File "C:\Program Files\Python310\lib\site-packages\requests\api.py", line 73, in get
    return request("get", url, params=params, **kwargs)
  File "C:\Program Files\Python310\lib\site-packages\requests\api.py", line 59, in request
    return session.request(method=method, url=url, **kwargs)
  File "C:\Program Files\Python310\lib\site-packages\requests\sessions.py", line 587, in request
    resp = self.send(prep, **send_kwargs)
  File "C:\Program Files\Python310\lib\site-packages\requests\sessions.py", line 701, in send
    r = adapter.send(request, **kwargs)
  File "C:\Program Files\Python310\lib\site-packages\requests\adapters.py", line 565, in send
    raise ConnectionError(e, request=request)
requests.exceptions.ConnectionError: HTTPSConnectionPool(host='journals.flvc.org', port=443): Max retries exceeded with url: /sal/article/view/107477 (Caused by NewConnectionError('<urllib3.connection.HTTPSConnection object at 0x000002387CE84D00>: Failed to establish a new connection: [Errno 11001] getaddrinfo failed'))
INFO:__main__:[143/352] Parsing article https://journals.flvc.org/sal/article/view/107474
ERROR:__main__:Exception occurred while parsing article https://journals.flvc.org/sal/article/view/107474: HTTPSConnectionPool(host='journals.flvc.org', port=443): Max retries exceeded with url: /sal/article/view/107474 (Caused by NewConnectionError('<urllib3.connection.HTTPSConnection object at 0x000002387CE84250>: Failed to establish a new connection: [Errno 11001] getaddrinfo failed'))
Traceback (most recent call last):
  File "C:\Program Files\Python310\lib\site-packages\urllib3\connection.py", line 174, in _new_conn
    conn = connection.create_connection(
  File "C:\Program Files\Python310\lib\site-packages\urllib3\util\connection.py", line 72, in create_connection
    for res in socket.getaddrinfo(host, port, family, socket.SOCK_STREAM):
  File "C:\Program Files\Python310\lib\socket.py", line 955, in getaddrinfo
    for res in _socket.getaddrinfo(host, port, family, type, proto, flags):
socket.gaierror: [Errno 11001] getaddrinfo failed

During handling of the above exception, another exception occurred:

Traceback (most recent call last):
  File "C:\Program Files\Python310\lib\site-packages\urllib3\connectionpool.py", line 703, in urlopen
    httplib_response = self._make_request(
  File "C:\Program Files\Python310\lib\site-packages\urllib3\connectionpool.py", line 386, in _make_request
    self._validate_conn(conn)
  File "C:\Program Files\Python310\lib\site-packages\urllib3\connectionpool.py", line 1042, in _validate_conn
    conn.connect()
  File "C:\Program Files\Python310\lib\site-packages\urllib3\connection.py", line 363, in connect
    self.sock = conn = self._new_conn()
  File "C:\Program Files\Python310\lib\site-packages\urllib3\connection.py", line 186, in _new_conn
    raise NewConnectionError(
urllib3.exceptions.NewConnectionError: <urllib3.connection.HTTPSConnection object at 0x000002387CE84250>: Failed to establish a new connection: [Errno 11001] getaddrinfo failed

During handling of the above exception, another exception occurred:

Traceback (most recent call last):
  File "C:\Program Files\Python310\lib\site-packages\requests\adapters.py", line 489, in send
    resp = conn.urlopen(
  File "C:\Program Files\Python310\lib\site-packages\urllib3\connectionpool.py", line 787, in urlopen
    retries = retries.increment(
  File "C:\Program Files\Python310\lib\site-packages\urllib3\util\retry.py", line 592, in increment
    raise MaxRetryError(_pool, url, error or ResponseError(cause))
urllib3.exceptions.MaxRetryError: HTTPSConnectionPool(host='journals.flvc.org', port=443): Max retries exceeded with url: /sal/article/view/107474 (Caused by NewConnectionError('<urllib3.connection.HTTPSConnection object at 0x000002387CE84250>: Failed to establish a new connection: [Errno 11001] getaddrinfo failed'))

During handling of the above exception, another exception occurred:

Traceback (most recent call last):
  File "C:\Users\Kesha\dev\hse-practice-summer-2023\journals\african.py", line 86, in <module>
    parsed_data = parse_artile(link)
  File "C:\Users\Kesha\dev\hse-practice-summer-2023\journals\african.py", line 52, in parse_artile
    bs = parse_link(link)
  File "C:\Users\Kesha\dev\hse-practice-summer-2023\journals\utils\util.py", line 23, in parse_link
    page_html = get(link, headers=headers).text
  File "C:\Program Files\Python310\lib\site-packages\requests\api.py", line 73, in get
    return request("get", url, params=params, **kwargs)
  File "C:\Program Files\Python310\lib\site-packages\requests\api.py", line 59, in request
    return session.request(method=method, url=url, **kwargs)
  File "C:\Program Files\Python310\lib\site-packages\requests\sessions.py", line 587, in request
    resp = self.send(prep, **send_kwargs)
  File "C:\Program Files\Python310\lib\site-packages\requests\sessions.py", line 701, in send
    r = adapter.send(request, **kwargs)
  File "C:\Program Files\Python310\lib\site-packages\requests\adapters.py", line 565, in send
    raise ConnectionError(e, request=request)
requests.exceptions.ConnectionError: HTTPSConnectionPool(host='journals.flvc.org', port=443): Max retries exceeded with url: /sal/article/view/107474 (Caused by NewConnectionError('<urllib3.connection.HTTPSConnection object at 0x000002387CE84250>: Failed to establish a new connection: [Errno 11001] getaddrinfo failed'))
ERROR:__main__:Sleeping for 60 seconds...
Traceback (most recent call last):
  File "C:\Program Files\Python310\lib\site-packages\urllib3\connection.py", line 174, in _new_conn
    conn = connection.create_connection(
  File "C:\Program Files\Python310\lib\site-packages\urllib3\util\connection.py", line 72, in create_connection
    for res in socket.getaddrinfo(host, port, family, socket.SOCK_STREAM):
  File "C:\Program Files\Python310\lib\socket.py", line 955, in getaddrinfo
    for res in _socket.getaddrinfo(host, port, family, type, proto, flags):
socket.gaierror: [Errno 11001] getaddrinfo failed

During handling of the above exception, another exception occurred:

Traceback (most recent call last):
  File "C:\Program Files\Python310\lib\site-packages\urllib3\connectionpool.py", line 703, in urlopen
    httplib_response = self._make_request(
  File "C:\Program Files\Python310\lib\site-packages\urllib3\connectionpool.py", line 386, in _make_request
    self._validate_conn(conn)
  File "C:\Program Files\Python310\lib\site-packages\urllib3\connectionpool.py", line 1042, in _validate_conn
    conn.connect()
  File "C:\Program Files\Python310\lib\site-packages\urllib3\connection.py", line 363, in connect
    self.sock = conn = self._new_conn()
  File "C:\Program Files\Python310\lib\site-packages\urllib3\connection.py", line 186, in _new_conn
    raise NewConnectionError(
urllib3.exceptions.NewConnectionError: <urllib3.connection.HTTPSConnection object at 0x000002387CE84250>: Failed to establish a new connection: [Errno 11001] getaddrinfo failed

During handling of the above exception, another exception occurred:

Traceback (most recent call last):
  File "C:\Program Files\Python310\lib\site-packages\requests\adapters.py", line 489, in send
    resp = conn.urlopen(
  File "C:\Program Files\Python310\lib\site-packages\urllib3\connectionpool.py", line 787, in urlopen
    retries = retries.increment(
  File "C:\Program Files\Python310\lib\site-packages\urllib3\util\retry.py", line 592, in increment
    raise MaxRetryError(_pool, url, error or ResponseError(cause))
urllib3.exceptions.MaxRetryError: HTTPSConnectionPool(host='journals.flvc.org', port=443): Max retries exceeded with url: /sal/article/view/107474 (Caused by NewConnectionError('<urllib3.connection.HTTPSConnection object at 0x000002387CE84250>: Failed to establish a new connection: [Errno 11001] getaddrinfo failed'))

During handling of the above exception, another exception occurred:

Traceback (most recent call last):
  File "C:\Users\Kesha\dev\hse-practice-summer-2023\journals\african.py", line 86, in <module>
    parsed_data = parse_artile(link)
  File "C:\Users\Kesha\dev\hse-practice-summer-2023\journals\african.py", line 52, in parse_artile
    bs = parse_link(link)
  File "C:\Users\Kesha\dev\hse-practice-summer-2023\journals\utils\util.py", line 23, in parse_link
    page_html = get(link, headers=headers).text
  File "C:\Program Files\Python310\lib\site-packages\requests\api.py", line 73, in get
    return request("get", url, params=params, **kwargs)
  File "C:\Program Files\Python310\lib\site-packages\requests\api.py", line 59, in request
    return session.request(method=method, url=url, **kwargs)
  File "C:\Program Files\Python310\lib\site-packages\requests\sessions.py", line 587, in request
    resp = self.send(prep, **send_kwargs)
  File "C:\Program Files\Python310\lib\site-packages\requests\sessions.py", line 701, in send
    r = adapter.send(request, **kwargs)
  File "C:\Program Files\Python310\lib\site-packages\requests\adapters.py", line 565, in send
    raise ConnectionError(e, request=request)
requests.exceptions.ConnectionError: HTTPSConnectionPool(host='journals.flvc.org', port=443): Max retries exceeded with url: /sal/article/view/107474 (Caused by NewConnectionError('<urllib3.connection.HTTPSConnection object at 0x000002387CE84250>: Failed to establish a new connection: [Errno 11001] getaddrinfo failed'))
INFO:__main__:[144/352] Parsing article https://journals.flvc.org/sal/article/view/107304
ERROR:__main__:Exception occurred while parsing article https://journals.flvc.org/sal/article/view/107304: HTTPSConnectionPool(host='journals.flvc.org', port=443): Max retries exceeded with url: /sal/article/view/107304 (Caused by NewConnectionError('<urllib3.connection.HTTPSConnection object at 0x000002387CE864D0>: Failed to establish a new connection: [Errno 11001] getaddrinfo failed'))
Traceback (most recent call last):
  File "C:\Program Files\Python310\lib\site-packages\urllib3\connection.py", line 174, in _new_conn
    conn = connection.create_connection(
  File "C:\Program Files\Python310\lib\site-packages\urllib3\util\connection.py", line 72, in create_connection
    for res in socket.getaddrinfo(host, port, family, socket.SOCK_STREAM):
  File "C:\Program Files\Python310\lib\socket.py", line 955, in getaddrinfo
    for res in _socket.getaddrinfo(host, port, family, type, proto, flags):
socket.gaierror: [Errno 11001] getaddrinfo failed

During handling of the above exception, another exception occurred:

Traceback (most recent call last):
  File "C:\Program Files\Python310\lib\site-packages\urllib3\connectionpool.py", line 703, in urlopen
    httplib_response = self._make_request(
  File "C:\Program Files\Python310\lib\site-packages\urllib3\connectionpool.py", line 386, in _make_request
    self._validate_conn(conn)
  File "C:\Program Files\Python310\lib\site-packages\urllib3\connectionpool.py", line 1042, in _validate_conn
    conn.connect()
  File "C:\Program Files\Python310\lib\site-packages\urllib3\connection.py", line 363, in connect
    self.sock = conn = self._new_conn()
  File "C:\Program Files\Python310\lib\site-packages\urllib3\connection.py", line 186, in _new_conn
    raise NewConnectionError(
urllib3.exceptions.NewConnectionError: <urllib3.connection.HTTPSConnection object at 0x000002387CE864D0>: Failed to establish a new connection: [Errno 11001] getaddrinfo failed

During handling of the above exception, another exception occurred:

Traceback (most recent call last):
  File "C:\Program Files\Python310\lib\site-packages\requests\adapters.py", line 489, in send
    resp = conn.urlopen(
  File "C:\Program Files\Python310\lib\site-packages\urllib3\connectionpool.py", line 787, in urlopen
    retries = retries.increment(
  File "C:\Program Files\Python310\lib\site-packages\urllib3\util\retry.py", line 592, in increment
    raise MaxRetryError(_pool, url, error or ResponseError(cause))
urllib3.exceptions.MaxRetryError: HTTPSConnectionPool(host='journals.flvc.org', port=443): Max retries exceeded with url: /sal/article/view/107304 (Caused by NewConnectionError('<urllib3.connection.HTTPSConnection object at 0x000002387CE864D0>: Failed to establish a new connection: [Errno 11001] getaddrinfo failed'))

During handling of the above exception, another exception occurred:

Traceback (most recent call last):
  File "C:\Users\Kesha\dev\hse-practice-summer-2023\journals\african.py", line 86, in <module>
    parsed_data = parse_artile(link)
  File "C:\Users\Kesha\dev\hse-practice-summer-2023\journals\african.py", line 52, in parse_artile
    bs = parse_link(link)
  File "C:\Users\Kesha\dev\hse-practice-summer-2023\journals\utils\util.py", line 23, in parse_link
    page_html = get(link, headers=headers).text
  File "C:\Program Files\Python310\lib\site-packages\requests\api.py", line 73, in get
    return request("get", url, params=params, **kwargs)
  File "C:\Program Files\Python310\lib\site-packages\requests\api.py", line 59, in request
    return session.request(method=method, url=url, **kwargs)
  File "C:\Program Files\Python310\lib\site-packages\requests\sessions.py", line 587, in request
    resp = self.send(prep, **send_kwargs)
  File "C:\Program Files\Python310\lib\site-packages\requests\sessions.py", line 701, in send
    r = adapter.send(request, **kwargs)
  File "C:\Program Files\Python310\lib\site-packages\requests\adapters.py", line 565, in send
    raise ConnectionError(e, request=request)
requests.exceptions.ConnectionError: HTTPSConnectionPool(host='journals.flvc.org', port=443): Max retries exceeded with url: /sal/article/view/107304 (Caused by NewConnectionError('<urllib3.connection.HTTPSConnection object at 0x000002387CE864D0>: Failed to establish a new connection: [Errno 11001] getaddrinfo failed'))
ERROR:__main__:Sleeping for 60 seconds...
Traceback (most recent call last):
  File "C:\Program Files\Python310\lib\site-packages\urllib3\connection.py", line 174, in _new_conn
    conn = connection.create_connection(
  File "C:\Program Files\Python310\lib\site-packages\urllib3\util\connection.py", line 72, in create_connection
    for res in socket.getaddrinfo(host, port, family, socket.SOCK_STREAM):
  File "C:\Program Files\Python310\lib\socket.py", line 955, in getaddrinfo
    for res in _socket.getaddrinfo(host, port, family, type, proto, flags):
socket.gaierror: [Errno 11001] getaddrinfo failed

During handling of the above exception, another exception occurred:

Traceback (most recent call last):
  File "C:\Program Files\Python310\lib\site-packages\urllib3\connectionpool.py", line 703, in urlopen
    httplib_response = self._make_request(
  File "C:\Program Files\Python310\lib\site-packages\urllib3\connectionpool.py", line 386, in _make_request
    self._validate_conn(conn)
  File "C:\Program Files\Python310\lib\site-packages\urllib3\connectionpool.py", line 1042, in _validate_conn
    conn.connect()
  File "C:\Program Files\Python310\lib\site-packages\urllib3\connection.py", line 363, in connect
    self.sock = conn = self._new_conn()
  File "C:\Program Files\Python310\lib\site-packages\urllib3\connection.py", line 186, in _new_conn
    raise NewConnectionError(
urllib3.exceptions.NewConnectionError: <urllib3.connection.HTTPSConnection object at 0x000002387CE864D0>: Failed to establish a new connection: [Errno 11001] getaddrinfo failed

During handling of the above exception, another exception occurred:

Traceback (most recent call last):
  File "C:\Program Files\Python310\lib\site-packages\requests\adapters.py", line 489, in send
    resp = conn.urlopen(
  File "C:\Program Files\Python310\lib\site-packages\urllib3\connectionpool.py", line 787, in urlopen
    retries = retries.increment(
  File "C:\Program Files\Python310\lib\site-packages\urllib3\util\retry.py", line 592, in increment
    raise MaxRetryError(_pool, url, error or ResponseError(cause))
urllib3.exceptions.MaxRetryError: HTTPSConnectionPool(host='journals.flvc.org', port=443): Max retries exceeded with url: /sal/article/view/107304 (Caused by NewConnectionError('<urllib3.connection.HTTPSConnection object at 0x000002387CE864D0>: Failed to establish a new connection: [Errno 11001] getaddrinfo failed'))

During handling of the above exception, another exception occurred:

Traceback (most recent call last):
  File "C:\Users\Kesha\dev\hse-practice-summer-2023\journals\african.py", line 86, in <module>
    parsed_data = parse_artile(link)
  File "C:\Users\Kesha\dev\hse-practice-summer-2023\journals\african.py", line 52, in parse_artile
    bs = parse_link(link)
  File "C:\Users\Kesha\dev\hse-practice-summer-2023\journals\utils\util.py", line 23, in parse_link
    page_html = get(link, headers=headers).text
  File "C:\Program Files\Python310\lib\site-packages\requests\api.py", line 73, in get
    return request("get", url, params=params, **kwargs)
  File "C:\Program Files\Python310\lib\site-packages\requests\api.py", line 59, in request
    return session.request(method=method, url=url, **kwargs)
  File "C:\Program Files\Python310\lib\site-packages\requests\sessions.py", line 587, in request
    resp = self.send(prep, **send_kwargs)
  File "C:\Program Files\Python310\lib\site-packages\requests\sessions.py", line 701, in send
    r = adapter.send(request, **kwargs)
  File "C:\Program Files\Python310\lib\site-packages\requests\adapters.py", line 565, in send
    raise ConnectionError(e, request=request)
requests.exceptions.ConnectionError: HTTPSConnectionPool(host='journals.flvc.org', port=443): Max retries exceeded with url: /sal/article/view/107304 (Caused by NewConnectionError('<urllib3.connection.HTTPSConnection object at 0x000002387CE864D0>: Failed to establish a new connection: [Errno 11001] getaddrinfo failed'))
INFO:__main__:[145/352] Parsing article https://journals.flvc.org/sal/article/view/107305
ERROR:__main__:Exception occurred while parsing article https://journals.flvc.org/sal/article/view/107305: HTTPSConnectionPool(host='journals.flvc.org', port=443): Max retries exceeded with url: /sal/article/view/107305 (Caused by NewConnectionError('<urllib3.connection.HTTPSConnection object at 0x000002387CE868C0>: Failed to establish a new connection: [Errno 11001] getaddrinfo failed'))
Traceback (most recent call last):
  File "C:\Program Files\Python310\lib\site-packages\urllib3\connection.py", line 174, in _new_conn
    conn = connection.create_connection(
  File "C:\Program Files\Python310\lib\site-packages\urllib3\util\connection.py", line 72, in create_connection
    for res in socket.getaddrinfo(host, port, family, socket.SOCK_STREAM):
  File "C:\Program Files\Python310\lib\socket.py", line 955, in getaddrinfo
    for res in _socket.getaddrinfo(host, port, family, type, proto, flags):
socket.gaierror: [Errno 11001] getaddrinfo failed

During handling of the above exception, another exception occurred:

Traceback (most recent call last):
  File "C:\Program Files\Python310\lib\site-packages\urllib3\connectionpool.py", line 703, in urlopen
    httplib_response = self._make_request(
  File "C:\Program Files\Python310\lib\site-packages\urllib3\connectionpool.py", line 386, in _make_request
    self._validate_conn(conn)
  File "C:\Program Files\Python310\lib\site-packages\urllib3\connectionpool.py", line 1042, in _validate_conn
    conn.connect()
  File "C:\Program Files\Python310\lib\site-packages\urllib3\connection.py", line 363, in connect
    self.sock = conn = self._new_conn()
  File "C:\Program Files\Python310\lib\site-packages\urllib3\connection.py", line 186, in _new_conn
    raise NewConnectionError(
urllib3.exceptions.NewConnectionError: <urllib3.connection.HTTPSConnection object at 0x000002387CE868C0>: Failed to establish a new connection: [Errno 11001] getaddrinfo failed

During handling of the above exception, another exception occurred:

Traceback (most recent call last):
  File "C:\Program Files\Python310\lib\site-packages\requests\adapters.py", line 489, in send
    resp = conn.urlopen(
  File "C:\Program Files\Python310\lib\site-packages\urllib3\connectionpool.py", line 787, in urlopen
    retries = retries.increment(
  File "C:\Program Files\Python310\lib\site-packages\urllib3\util\retry.py", line 592, in increment
    raise MaxRetryError(_pool, url, error or ResponseError(cause))
urllib3.exceptions.MaxRetryError: HTTPSConnectionPool(host='journals.flvc.org', port=443): Max retries exceeded with url: /sal/article/view/107305 (Caused by NewConnectionError('<urllib3.connection.HTTPSConnection object at 0x000002387CE868C0>: Failed to establish a new connection: [Errno 11001] getaddrinfo failed'))

During handling of the above exception, another exception occurred:

Traceback (most recent call last):
  File "C:\Users\Kesha\dev\hse-practice-summer-2023\journals\african.py", line 86, in <module>
    parsed_data = parse_artile(link)
  File "C:\Users\Kesha\dev\hse-practice-summer-2023\journals\african.py", line 52, in parse_artile
    bs = parse_link(link)
  File "C:\Users\Kesha\dev\hse-practice-summer-2023\journals\utils\util.py", line 23, in parse_link
    page_html = get(link, headers=headers).text
  File "C:\Program Files\Python310\lib\site-packages\requests\api.py", line 73, in get
    return request("get", url, params=params, **kwargs)
  File "C:\Program Files\Python310\lib\site-packages\requests\api.py", line 59, in request
    return session.request(method=method, url=url, **kwargs)
  File "C:\Program Files\Python310\lib\site-packages\requests\sessions.py", line 587, in request
    resp = self.send(prep, **send_kwargs)
  File "C:\Program Files\Python310\lib\site-packages\requests\sessions.py", line 701, in send
    r = adapter.send(request, **kwargs)
  File "C:\Program Files\Python310\lib\site-packages\requests\adapters.py", line 565, in send
    raise ConnectionError(e, request=request)
requests.exceptions.ConnectionError: HTTPSConnectionPool(host='journals.flvc.org', port=443): Max retries exceeded with url: /sal/article/view/107305 (Caused by NewConnectionError('<urllib3.connection.HTTPSConnection object at 0x000002387CE868C0>: Failed to establish a new connection: [Errno 11001] getaddrinfo failed'))
ERROR:__main__:Sleeping for 60 seconds...
Traceback (most recent call last):
  File "C:\Program Files\Python310\lib\site-packages\urllib3\connection.py", line 174, in _new_conn
    conn = connection.create_connection(
  File "C:\Program Files\Python310\lib\site-packages\urllib3\util\connection.py", line 72, in create_connection
    for res in socket.getaddrinfo(host, port, family, socket.SOCK_STREAM):
  File "C:\Program Files\Python310\lib\socket.py", line 955, in getaddrinfo
    for res in _socket.getaddrinfo(host, port, family, type, proto, flags):
socket.gaierror: [Errno 11001] getaddrinfo failed

During handling of the above exception, another exception occurred:

Traceback (most recent call last):
  File "C:\Program Files\Python310\lib\site-packages\urllib3\connectionpool.py", line 703, in urlopen
    httplib_response = self._make_request(
  File "C:\Program Files\Python310\lib\site-packages\urllib3\connectionpool.py", line 386, in _make_request
    self._validate_conn(conn)
  File "C:\Program Files\Python310\lib\site-packages\urllib3\connectionpool.py", line 1042, in _validate_conn
    conn.connect()
  File "C:\Program Files\Python310\lib\site-packages\urllib3\connection.py", line 363, in connect
    self.sock = conn = self._new_conn()
  File "C:\Program Files\Python310\lib\site-packages\urllib3\connection.py", line 186, in _new_conn
    raise NewConnectionError(
urllib3.exceptions.NewConnectionError: <urllib3.connection.HTTPSConnection object at 0x000002387CE868C0>: Failed to establish a new connection: [Errno 11001] getaddrinfo failed

During handling of the above exception, another exception occurred:

Traceback (most recent call last):
  File "C:\Program Files\Python310\lib\site-packages\requests\adapters.py", line 489, in send
    resp = conn.urlopen(
  File "C:\Program Files\Python310\lib\site-packages\urllib3\connectionpool.py", line 787, in urlopen
    retries = retries.increment(
  File "C:\Program Files\Python310\lib\site-packages\urllib3\util\retry.py", line 592, in increment
    raise MaxRetryError(_pool, url, error or ResponseError(cause))
urllib3.exceptions.MaxRetryError: HTTPSConnectionPool(host='journals.flvc.org', port=443): Max retries exceeded with url: /sal/article/view/107305 (Caused by NewConnectionError('<urllib3.connection.HTTPSConnection object at 0x000002387CE868C0>: Failed to establish a new connection: [Errno 11001] getaddrinfo failed'))

During handling of the above exception, another exception occurred:

Traceback (most recent call last):
  File "C:\Users\Kesha\dev\hse-practice-summer-2023\journals\african.py", line 86, in <module>
    parsed_data = parse_artile(link)
  File "C:\Users\Kesha\dev\hse-practice-summer-2023\journals\african.py", line 52, in parse_artile
    bs = parse_link(link)
  File "C:\Users\Kesha\dev\hse-practice-summer-2023\journals\utils\util.py", line 23, in parse_link
    page_html = get(link, headers=headers).text
  File "C:\Program Files\Python310\lib\site-packages\requests\api.py", line 73, in get
    return request("get", url, params=params, **kwargs)
  File "C:\Program Files\Python310\lib\site-packages\requests\api.py", line 59, in request
    return session.request(method=method, url=url, **kwargs)
  File "C:\Program Files\Python310\lib\site-packages\requests\sessions.py", line 587, in request
    resp = self.send(prep, **send_kwargs)
  File "C:\Program Files\Python310\lib\site-packages\requests\sessions.py", line 701, in send
    r = adapter.send(request, **kwargs)
  File "C:\Program Files\Python310\lib\site-packages\requests\adapters.py", line 565, in send
    raise ConnectionError(e, request=request)
requests.exceptions.ConnectionError: HTTPSConnectionPool(host='journals.flvc.org', port=443): Max retries exceeded with url: /sal/article/view/107305 (Caused by NewConnectionError('<urllib3.connection.HTTPSConnection object at 0x000002387CE868C0>: Failed to establish a new connection: [Errno 11001] getaddrinfo failed'))
INFO:__main__:[146/352] Parsing article https://journals.flvc.org/sal/article/view/107306
INFO:utils.util:Sleeping for 4.1 sec...
INFO:__main__:[147/352] Parsing article https://journals.flvc.org/sal/article/view/107382
INFO:utils.util:Sleeping for 5.4 sec...
INFO:__main__:[148/352] Parsing article https://journals.flvc.org/sal/article/view/107385
INFO:utils.util:Sleeping for 5.0 sec...
INFO:__main__:[149/352] Parsing article https://journals.flvc.org/sal/article/view/107381
INFO:utils.util:Sleeping for 3.0 sec...
INFO:__main__:[150/352] Parsing article https://journals.flvc.org/sal/article/view/107383
INFO:utils.util:Sleeping for 2.8 sec...
INFO:__main__:[151/352] Parsing article https://journals.flvc.org/sal/article/view/107523
INFO:utils.util:Sleeping for 6.5 sec...
INFO:__main__:[152/352] Parsing article https://journals.flvc.org/sal/article/view/107526
INFO:utils.util:Sleeping for 1.5 sec...
INFO:__main__:[153/352] Parsing article https://journals.flvc.org/sal/article/view/107525
INFO:utils.util:Sleeping for 4.7 sec...
INFO:__main__:[154/352] Parsing article https://journals.flvc.org/sal/article/view/107527
INFO:utils.util:Sleeping for 6.2 sec...
INFO:__main__:[155/352] Parsing article https://journals.flvc.org/sal/article/view/107522
INFO:utils.util:Sleeping for 4.3 sec...
INFO:__main__:[156/352] Parsing article https://journals.flvc.org/sal/article/view/107524
INFO:utils.util:Sleeping for 3.7 sec...
INFO:__main__:[157/352] Parsing article https://journals.flvc.org/sal/article/view/107502
INFO:utils.util:Sleeping for 1.5 sec...
INFO:__main__:[158/352] Parsing article https://journals.flvc.org/sal/article/view/107504
INFO:utils.util:Sleeping for 5.1 sec...
INFO:__main__:[159/352] Parsing article https://journals.flvc.org/sal/article/view/107503
INFO:utils.util:Sleeping for 2.1 sec...
INFO:__main__:[160/352] Parsing article https://journals.flvc.org/sal/article/view/107505
INFO:utils.util:Sleeping for 2.1 sec...
INFO:__main__:[161/352] Parsing article https://journals.flvc.org/sal/article/view/107449
INFO:utils.util:Sleeping for 5.5 sec...
INFO:__main__:[162/352] Parsing article https://journals.flvc.org/sal/article/view/107452
INFO:utils.util:Sleeping for 2.3 sec...
INFO:__main__:[163/352] Parsing article https://journals.flvc.org/sal/article/view/107451
INFO:utils.util:Sleeping for 1.3 sec...
INFO:__main__:[164/352] Parsing article https://journals.flvc.org/sal/article/view/107450
INFO:utils.util:Sleeping for 6.8 sec...
INFO:__main__:[165/352] Parsing article https://journals.flvc.org/sal/article/view/107431
INFO:utils.util:Sleeping for 2.0 sec...
INFO:__main__:[166/352] Parsing article https://journals.flvc.org/sal/article/view/107430
INFO:utils.util:Sleeping for 4.9 sec...
INFO:__main__:[167/352] Parsing article https://journals.flvc.org/sal/article/view/107432
INFO:utils.util:Sleeping for 3.1 sec...
INFO:__main__:[168/352] Parsing article https://journals.flvc.org/sal/article/view/107425
INFO:utils.util:Sleeping for 5.1 sec...
INFO:__main__:[169/352] Parsing article https://journals.flvc.org/sal/article/view/107426
INFO:utils.util:Sleeping for 4.8 sec...
INFO:__main__:[170/352] Parsing article https://journals.flvc.org/sal/article/view/107422
INFO:utils.util:Sleeping for 4.2 sec...
INFO:__main__:[171/352] Parsing article https://journals.flvc.org/sal/article/view/107423
INFO:utils.util:Sleeping for 3.7 sec...
INFO:__main__:[172/352] Parsing article https://journals.flvc.org/sal/article/view/107424
INFO:utils.util:Sleeping for 6.0 sec...
INFO:__main__:[173/352] Parsing article https://journals.flvc.org/sal/article/view/107337
INFO:utils.util:Sleeping for 5.7 sec...
INFO:__main__:[174/352] Parsing article https://journals.flvc.org/sal/article/view/107338
INFO:utils.util:Sleeping for 2.2 sec...
INFO:__main__:[175/352] Parsing article https://journals.flvc.org/sal/article/view/107339
INFO:utils.util:Sleeping for 5.0 sec...
INFO:__main__:[176/352] Parsing article https://journals.flvc.org/sal/article/view/107340
INFO:utils.util:Sleeping for 5.8 sec...
INFO:__main__:[177/352] Parsing article https://journals.flvc.org/sal/article/view/107333
INFO:utils.util:Sleeping for 6.0 sec...
INFO:__main__:[178/352] Parsing article https://journals.flvc.org/sal/article/view/107334
INFO:utils.util:Sleeping for 3.8 sec...
INFO:__main__:[179/352] Parsing article https://journals.flvc.org/sal/article/view/107335
INFO:utils.util:Sleeping for 4.5 sec...
INFO:__main__:[180/352] Parsing article https://journals.flvc.org/sal/article/view/107336
INFO:utils.util:Sleeping for 3.9 sec...
INFO:__main__:[181/352] Parsing article https://journals.flvc.org/sal/article/view/107650
INFO:utils.util:Sleeping for 1.4 sec...
INFO:__main__:[182/352] Parsing article https://journals.flvc.org/sal/article/view/107652
INFO:utils.util:Sleeping for 5.7 sec...
INFO:__main__:[183/352] Parsing article https://journals.flvc.org/sal/article/view/107653
INFO:utils.util:Sleeping for 3.9 sec...
INFO:__main__:[184/352] Parsing article https://journals.flvc.org/sal/article/view/107654
INFO:utils.util:Sleeping for 1.3 sec...
INFO:__main__:[185/352] Parsing article https://journals.flvc.org/sal/article/view/107655
INFO:utils.util:Sleeping for 5.0 sec...
INFO:__main__:[186/352] Parsing article https://journals.flvc.org/sal/article/view/107656
INFO:utils.util:Sleeping for 1.4 sec...
INFO:__main__:[187/352] Parsing article https://journals.flvc.org/sal/article/view/107282
INFO:utils.util:Sleeping for 2.4 sec...
INFO:__main__:[188/352] Parsing article https://journals.flvc.org/sal/article/view/107395
INFO:utils.util:Sleeping for 4.4 sec...
INFO:__main__:[189/352] Parsing article https://journals.flvc.org/sal/article/view/107396
INFO:utils.util:Sleeping for 5.1 sec...
INFO:__main__:[190/352] Parsing article https://journals.flvc.org/sal/article/view/107394
INFO:utils.util:Sleeping for 4.5 sec...
INFO:__main__:[191/352] Parsing article https://journals.flvc.org/sal/article/view/107389
INFO:utils.util:Sleeping for 5.0 sec...
INFO:__main__:[192/352] Parsing article https://journals.flvc.org/sal/article/view/107387
INFO:utils.util:Sleeping for 6.5 sec...
INFO:__main__:[193/352] Parsing article https://journals.flvc.org/sal/article/view/107388
INFO:utils.util:Sleeping for 2.3 sec...
INFO:__main__:[194/352] Parsing article https://journals.flvc.org/sal/article/view/107386
INFO:utils.util:Sleeping for 7.0 sec...
INFO:__main__:[195/352] Parsing article https://journals.flvc.org/sal/article/view/107377
INFO:utils.util:Sleeping for 3.6 sec...
INFO:__main__:[196/352] Parsing article https://journals.flvc.org/sal/article/view/107380
INFO:utils.util:Sleeping for 6.3 sec...
INFO:__main__:[197/352] Parsing article https://journals.flvc.org/sal/article/view/107378
INFO:utils.util:Sleeping for 2.3 sec...
INFO:__main__:[198/352] Parsing article https://journals.flvc.org/sal/article/view/107379
INFO:utils.util:Sleeping for 5.0 sec...
INFO:__main__:[199/352] Parsing article https://journals.flvc.org/sal/article/view/107408
INFO:utils.util:Sleeping for 6.2 sec...
INFO:__main__:[200/352] Parsing article https://journals.flvc.org/sal/article/view/107410
INFO:utils.util:Sleeping for 3.6 sec...
INFO:__main__:[201/352] Parsing article https://journals.flvc.org/sal/article/view/107409
INFO:utils.util:Sleeping for 4.2 sec...
INFO:__main__:[202/352] Parsing article https://journals.flvc.org/sal/article/view/125885
INFO:utils.util:Sleeping for 6.1 sec...
INFO:__main__:[203/352] Parsing article https://journals.flvc.org/sal/article/view/125886
INFO:utils.util:Sleeping for 1.5 sec...
INFO:__main__:[204/352] Parsing article https://journals.flvc.org/sal/article/view/117136
INFO:utils.util:Sleeping for 4.4 sec...
INFO:__main__:[205/352] Parsing article https://journals.flvc.org/sal/article/view/125887
INFO:utils.util:Sleeping for 2.8 sec...
INFO:__main__:[206/352] Parsing article https://journals.flvc.org/sal/article/view/117649
INFO:utils.util:Sleeping for 2.0 sec...
INFO:__main__:[207/352] Parsing article https://journals.flvc.org/sal/article/view/125889
INFO:utils.util:Sleeping for 1.2 sec...
INFO:__main__:[208/352] Parsing article https://journals.flvc.org/sal/article/view/126405
INFO:utils.util:Sleeping for 6.5 sec...
INFO:__main__:[209/352] Parsing article https://journals.flvc.org/sal/article/view/107301
INFO:utils.util:Sleeping for 6.2 sec...
INFO:__main__:[210/352] Parsing article https://journals.flvc.org/sal/article/view/107302
INFO:utils.util:Sleeping for 5.6 sec...
INFO:__main__:[211/352] Parsing article https://journals.flvc.org/sal/article/view/107303
INFO:utils.util:Sleeping for 3.0 sec...
INFO:__main__:[212/352] Parsing article https://journals.flvc.org/sal/article/view/107469
INFO:utils.util:Sleeping for 2.8 sec...
INFO:__main__:[213/352] Parsing article https://journals.flvc.org/sal/article/view/107472
INFO:utils.util:Sleeping for 2.3 sec...
INFO:__main__:[214/352] Parsing article https://journals.flvc.org/sal/article/view/107470
INFO:utils.util:Sleeping for 3.1 sec...
INFO:__main__:[215/352] Parsing article https://journals.flvc.org/sal/article/view/107471
INFO:utils.util:Sleeping for 4.5 sec...
INFO:__main__:[216/352] Parsing article https://journals.flvc.org/sal/article/view/107473
INFO:utils.util:Sleeping for 3.6 sec...
INFO:__main__:[217/352] Parsing article https://journals.flvc.org/sal/article/view/107367
INFO:utils.util:Sleeping for 2.3 sec...
INFO:__main__:[218/352] Parsing article https://journals.flvc.org/sal/article/view/107365
INFO:utils.util:Sleeping for 3.1 sec...
INFO:__main__:[219/352] Parsing article https://journals.flvc.org/sal/article/view/107366
INFO:utils.util:Sleeping for 1.6 sec...
INFO:__main__:[220/352] Parsing article https://journals.flvc.org/sal/article/view/107369
INFO:utils.util:Sleeping for 6.4 sec...
INFO:__main__:[221/352] Parsing article https://journals.flvc.org/sal/article/view/107368
INFO:utils.util:Sleeping for 6.3 sec...
INFO:__main__:[222/352] Parsing article https://journals.flvc.org/sal/article/view/107371
INFO:utils.util:Sleeping for 2.5 sec...
INFO:__main__:[223/352] Parsing article https://journals.flvc.org/sal/article/view/107370
INFO:utils.util:Sleeping for 2.3 sec...
INFO:__main__:[224/352] Parsing article https://journals.flvc.org/sal/article/view/128145
INFO:utils.util:Sleeping for 1.9 sec...
INFO:__main__:[225/352] Parsing article https://journals.flvc.org/sal/article/view/129091
INFO:utils.util:Sleeping for 5.9 sec...
INFO:__main__:[226/352] Parsing article https://journals.flvc.org/sal/article/view/121556
INFO:utils.util:Sleeping for 6.5 sec...
INFO:__main__:[227/352] Parsing article https://journals.flvc.org/sal/article/view/121891
INFO:utils.util:Sleeping for 5.1 sec...
INFO:__main__:[228/352] Parsing article https://journals.flvc.org/sal/article/view/124229
INFO:utils.util:Sleeping for 3.2 sec...
INFO:__main__:[229/352] Parsing article https://journals.flvc.org/sal/article/view/127967
INFO:utils.util:Sleeping for 4.9 sec...
INFO:__main__:[230/352] Parsing article https://journals.flvc.org/sal/article/view/107402
INFO:utils.util:Sleeping for 5.5 sec...
INFO:__main__:[231/352] Parsing article https://journals.flvc.org/sal/article/view/107403
INFO:utils.util:Sleeping for 1.7 sec...
INFO:__main__:[232/352] Parsing article https://journals.flvc.org/sal/article/view/107404
INFO:utils.util:Sleeping for 6.5 sec...
INFO:__main__:[233/352] Parsing article https://journals.flvc.org/sal/article/view/107490
INFO:utils.util:Sleeping for 5.5 sec...
INFO:__main__:[234/352] Parsing article https://journals.flvc.org/sal/article/view/107489
INFO:utils.util:Sleeping for 4.9 sec...
INFO:__main__:[235/352] Parsing article https://journals.flvc.org/sal/article/view/107491
INFO:utils.util:Sleeping for 6.1 sec...
INFO:__main__:[236/352] Parsing article https://journals.flvc.org/sal/article/view/107488
INFO:utils.util:Sleeping for 3.4 sec...
INFO:__main__:[237/352] Parsing article https://journals.flvc.org/sal/article/view/107279
INFO:utils.util:Sleeping for 6.6 sec...
INFO:__main__:[238/352] Parsing article https://journals.flvc.org/sal/article/view/107280
INFO:utils.util:Sleeping for 1.3 sec...
INFO:__main__:[239/352] Parsing article https://journals.flvc.org/sal/article/view/107281
INFO:utils.util:Sleeping for 2.0 sec...
INFO:__main__:[240/352] Parsing article https://journals.flvc.org/sal/article/view/107267
INFO:utils.util:Sleeping for 1.8 sec...
INFO:__main__:[241/352] Parsing article https://journals.flvc.org/sal/article/view/107268
INFO:utils.util:Sleeping for 1.3 sec...
INFO:__main__:[242/352] Parsing article https://journals.flvc.org/sal/article/view/107269
INFO:utils.util:Sleeping for 3.5 sec...
INFO:__main__:[243/352] Parsing article https://journals.flvc.org/sal/article/view/107530
INFO:utils.util:Sleeping for 3.3 sec...
INFO:__main__:[244/352] Parsing article https://journals.flvc.org/sal/article/view/107528
INFO:utils.util:Sleeping for 4.4 sec...
INFO:__main__:[245/352] Parsing article https://journals.flvc.org/sal/article/view/107529
INFO:utils.util:Sleeping for 2.9 sec...
INFO:__main__:[246/352] Parsing article https://journals.flvc.org/sal/article/view/107531
INFO:utils.util:Sleeping for 2.0 sec...
INFO:__main__:[247/352] Parsing article https://journals.flvc.org/sal/article/view/107373
INFO:utils.util:Sleeping for 4.5 sec...
INFO:__main__:[248/352] Parsing article https://journals.flvc.org/sal/article/view/107374
INFO:utils.util:Sleeping for 5.5 sec...
INFO:__main__:[249/352] Parsing article https://journals.flvc.org/sal/article/view/107372
INFO:utils.util:Sleeping for 2.6 sec...
INFO:__main__:[250/352] Parsing article https://journals.flvc.org/sal/article/view/107375
INFO:utils.util:Sleeping for 4.4 sec...
INFO:__main__:[251/352] Parsing article https://journals.flvc.org/sal/article/view/107376
INFO:utils.util:Sleeping for 4.3 sec...
INFO:__main__:[252/352] Parsing article https://journals.flvc.org/sal/article/view/107463
INFO:utils.util:Sleeping for 2.1 sec...
INFO:__main__:[253/352] Parsing article https://journals.flvc.org/sal/article/view/107461
INFO:utils.util:Sleeping for 4.0 sec...
INFO:__main__:[254/352] Parsing article https://journals.flvc.org/sal/article/view/107462
INFO:utils.util:Sleeping for 2.5 sec...
INFO:__main__:[255/352] Parsing article https://journals.flvc.org/sal/article/view/107464
INFO:utils.util:Sleeping for 2.9 sec...
INFO:__main__:[256/352] Parsing article https://journals.flvc.org/sal/article/view/107479
INFO:utils.util:Sleeping for 1.6 sec...
INFO:__main__:[257/352] Parsing article https://journals.flvc.org/sal/article/view/107478
INFO:utils.util:Sleeping for 6.9 sec...
INFO:__main__:[258/352] Parsing article https://journals.flvc.org/sal/article/view/107480
INFO:utils.util:Sleeping for 6.9 sec...
INFO:__main__:[259/352] Parsing article https://journals.flvc.org/sal/article/view/107482
INFO:utils.util:Sleeping for 1.7 sec...
INFO:__main__:[260/352] Parsing article https://journals.flvc.org/sal/article/view/107481
INFO:utils.util:Sleeping for 6.4 sec...
INFO:__main__:[261/352] Parsing article https://journals.flvc.org/sal/article/view/107259
INFO:utils.util:Sleeping for 4.3 sec...
INFO:__main__:[262/352] Parsing article https://journals.flvc.org/sal/article/view/107260
INFO:utils.util:Sleeping for 1.1 sec...
INFO:__main__:[263/352] Parsing article https://journals.flvc.org/sal/article/view/107258
INFO:utils.util:Sleeping for 5.6 sec...
INFO:__main__:[264/352] Parsing article https://journals.flvc.org/sal/article/view/107331
INFO:utils.util:Sleeping for 5.0 sec...
INFO:__main__:[265/352] Parsing article https://journals.flvc.org/sal/article/view/107332
INFO:utils.util:Sleeping for 4.4 sec...
INFO:__main__:[266/352] Parsing article https://journals.flvc.org/sal/article/view/127839
INFO:utils.util:Sleeping for 3.5 sec...
INFO:__main__:[267/352] Parsing article https://journals.flvc.org/sal/article/view/129396
INFO:utils.util:Sleeping for 3.4 sec...
INFO:__main__:[268/352] Parsing article https://journals.flvc.org/sal/article/view/124793
INFO:utils.util:Sleeping for 4.3 sec...
INFO:__main__:[269/352] Parsing article https://journals.flvc.org/sal/article/view/125156
INFO:utils.util:Sleeping for 6.6 sec...
INFO:__main__:[270/352] Parsing article https://journals.flvc.org/sal/article/view/129687
INFO:utils.util:Sleeping for 2.5 sec...
INFO:__main__:[271/352] Parsing article https://journals.flvc.org/sal/article/view/129805
INFO:utils.util:Sleeping for 2.4 sec...
INFO:__main__:[272/352] Parsing article https://journals.flvc.org/sal/article/view/107348
INFO:utils.util:Sleeping for 5.0 sec...
INFO:__main__:[273/352] Parsing article https://journals.flvc.org/sal/article/view/107345
INFO:utils.util:Sleeping for 3.8 sec...
INFO:__main__:[274/352] Parsing article https://journals.flvc.org/sal/article/view/107346
INFO:utils.util:Sleeping for 2.0 sec...
INFO:__main__:[275/352] Parsing article https://journals.flvc.org/sal/article/view/107347
INFO:utils.util:Sleeping for 3.3 sec...
INFO:__main__:[276/352] Parsing article https://journals.flvc.org/sal/article/view/107344
INFO:utils.util:Sleeping for 2.1 sec...
INFO:__main__:[277/352] Parsing article https://journals.flvc.org/sal/article/view/107455
INFO:utils.util:Sleeping for 2.3 sec...
INFO:__main__:[278/352] Parsing article https://journals.flvc.org/sal/article/view/107457
INFO:utils.util:Sleeping for 4.8 sec...
INFO:__main__:[279/352] Parsing article https://journals.flvc.org/sal/article/view/107456
INFO:utils.util:Sleeping for 1.2 sec...
INFO:__main__:[280/352] Parsing article https://journals.flvc.org/sal/article/view/107453
INFO:utils.util:Sleeping for 3.6 sec...
INFO:__main__:[281/352] Parsing article https://journals.flvc.org/sal/article/view/107454
INFO:utils.util:Sleeping for 2.3 sec...
INFO:__main__:[282/352] Parsing article https://journals.flvc.org/sal/article/view/122257
INFO:utils.util:Sleeping for 5.8 sec...
INFO:__main__:[283/352] Parsing article https://journals.flvc.org/sal/article/view/122261
INFO:utils.util:Sleeping for 5.6 sec...
INFO:__main__:[284/352] Parsing article https://journals.flvc.org/sal/article/view/122263
INFO:utils.util:Sleeping for 2.3 sec...
INFO:__main__:[285/352] Parsing article https://journals.flvc.org/sal/article/view/122264
INFO:utils.util:Sleeping for 3.4 sec...
INFO:__main__:[286/352] Parsing article https://journals.flvc.org/sal/article/view/122270
INFO:utils.util:Sleeping for 5.1 sec...
INFO:__main__:[287/352] Parsing article https://journals.flvc.org/sal/article/view/122272
INFO:utils.util:Sleeping for 3.4 sec...
INFO:__main__:[288/352] Parsing article https://journals.flvc.org/sal/article/view/107494
INFO:utils.util:Sleeping for 4.7 sec...
INFO:__main__:[289/352] Parsing article https://journals.flvc.org/sal/article/view/107495
INFO:utils.util:Sleeping for 6.9 sec...
INFO:__main__:[290/352] Parsing article https://journals.flvc.org/sal/article/view/107492
INFO:utils.util:Sleeping for 2.0 sec...
INFO:__main__:[291/352] Parsing article https://journals.flvc.org/sal/article/view/107497
INFO:utils.util:Sleeping for 5.0 sec...
INFO:__main__:[292/352] Parsing article https://journals.flvc.org/sal/article/view/107493
INFO:utils.util:Sleeping for 4.7 sec...
INFO:__main__:[293/352] Parsing article https://journals.flvc.org/sal/article/view/107496
INFO:utils.util:Sleeping for 6.8 sec...
INFO:__main__:[294/352] Parsing article https://journals.flvc.org/sal/article/view/107341
INFO:utils.util:Sleeping for 3.4 sec...
INFO:__main__:[295/352] Parsing article https://journals.flvc.org/sal/article/view/107343
INFO:utils.util:Sleeping for 3.1 sec...
INFO:__main__:[296/352] Parsing article https://journals.flvc.org/sal/article/view/107342
INFO:utils.util:Sleeping for 3.6 sec...
INFO:__main__:[297/352] Parsing article https://journals.flvc.org/sal/article/view/107405
INFO:utils.util:Sleeping for 5.1 sec...
INFO:__main__:[298/352] Parsing article https://journals.flvc.org/sal/article/view/107407
INFO:utils.util:Sleeping for 6.3 sec...
INFO:__main__:[299/352] Parsing article https://journals.flvc.org/sal/article/view/107406
INFO:utils.util:Sleeping for 3.0 sec...
INFO:__main__:[300/352] Parsing article https://journals.flvc.org/sal/article/view/107429
INFO:utils.util:Sleeping for 4.4 sec...
INFO:__main__:[301/352] Parsing article https://journals.flvc.org/sal/article/view/107428
INFO:utils.util:Sleeping for 3.2 sec...
INFO:__main__:[302/352] Parsing article https://journals.flvc.org/sal/article/view/107427
INFO:utils.util:Sleeping for 3.4 sec...
INFO:__main__:[303/352] Parsing article https://journals.flvc.org/sal/article/view/107313
INFO:utils.util:Sleeping for 6.7 sec...
INFO:__main__:[304/352] Parsing article https://journals.flvc.org/sal/article/view/107322
INFO:utils.util:Sleeping for 2.8 sec...
INFO:__main__:[305/352] Parsing article https://journals.flvc.org/sal/article/view/107314
INFO:utils.util:Sleeping for 6.1 sec...
INFO:__main__:[306/352] Parsing article https://journals.flvc.org/sal/article/view/107315
INFO:utils.util:Sleeping for 4.8 sec...
INFO:__main__:[307/352] Parsing article https://journals.flvc.org/sal/article/view/107316
INFO:utils.util:Sleeping for 2.7 sec...
INFO:__main__:[308/352] Parsing article https://journals.flvc.org/sal/article/view/107317
INFO:utils.util:Sleeping for 3.2 sec...
INFO:__main__:[309/352] Parsing article https://journals.flvc.org/sal/article/view/107318
INFO:utils.util:Sleeping for 1.6 sec...
INFO:__main__:[310/352] Parsing article https://journals.flvc.org/sal/article/view/107319
INFO:utils.util:Sleeping for 1.4 sec...
INFO:__main__:[311/352] Parsing article https://journals.flvc.org/sal/article/view/107320
INFO:utils.util:Sleeping for 5.4 sec...
INFO:__main__:[312/352] Parsing article https://journals.flvc.org/sal/article/view/107321
INFO:utils.util:Sleeping for 5.4 sec...
INFO:__main__:[313/352] Parsing article https://journals.flvc.org/sal/article/view/107323
INFO:utils.util:Sleeping for 4.3 sec...
INFO:__main__:[314/352] Parsing article https://journals.flvc.org/sal/article/view/107324
INFO:utils.util:Sleeping for 5.3 sec...
INFO:__main__:[315/352] Parsing article https://journals.flvc.org/sal/article/view/107325
INFO:utils.util:Sleeping for 3.4 sec...
INFO:__main__:[316/352] Parsing article https://journals.flvc.org/sal/article/view/107326
INFO:utils.util:Sleeping for 1.4 sec...
INFO:__main__:[317/352] Parsing article https://journals.flvc.org/sal/article/view/107327
INFO:utils.util:Sleeping for 4.0 sec...
INFO:__main__:[318/352] Parsing article https://journals.flvc.org/sal/article/view/107487
INFO:utils.util:Sleeping for 1.0 sec...
INFO:__main__:[319/352] Parsing article https://journals.flvc.org/sal/article/view/107485
INFO:utils.util:Sleeping for 4.4 sec...
INFO:__main__:[320/352] Parsing article https://journals.flvc.org/sal/article/view/107483
INFO:utils.util:Sleeping for 4.1 sec...
INFO:__main__:[321/352] Parsing article https://journals.flvc.org/sal/article/view/107486
INFO:utils.util:Sleeping for 2.5 sec...
INFO:__main__:[322/352] Parsing article https://journals.flvc.org/sal/article/view/107484
INFO:utils.util:Sleeping for 3.5 sec...
INFO:__main__:[323/352] Parsing article https://journals.flvc.org/sal/article/view/114927
INFO:utils.util:Sleeping for 6.1 sec...
INFO:__main__:[324/352] Parsing article https://journals.flvc.org/sal/article/view/114928
INFO:utils.util:Sleeping for 1.2 sec...
INFO:__main__:[325/352] Parsing article https://journals.flvc.org/sal/article/view/114932
INFO:utils.util:Sleeping for 6.2 sec...
INFO:__main__:[326/352] Parsing article https://journals.flvc.org/sal/article/view/114931
INFO:utils.util:Sleeping for 4.7 sec...
INFO:__main__:[327/352] Parsing article https://journals.flvc.org/sal/article/view/114929
INFO:utils.util:Sleeping for 4.2 sec...
INFO:__main__:[328/352] Parsing article https://journals.flvc.org/sal/article/view/128774
INFO:utils.util:Sleeping for 3.7 sec...
INFO:__main__:[329/352] Parsing article https://journals.flvc.org/sal/article/view/128775
INFO:utils.util:Sleeping for 1.6 sec...
INFO:__main__:[330/352] Parsing article https://journals.flvc.org/sal/article/view/128776
INFO:utils.util:Sleeping for 5.7 sec...
INFO:__main__:[331/352] Parsing article https://journals.flvc.org/sal/article/view/128777
INFO:utils.util:Sleeping for 1.1 sec...
INFO:__main__:[332/352] Parsing article https://journals.flvc.org/sal/article/view/128779
INFO:utils.util:Sleeping for 3.9 sec...
INFO:__main__:[333/352] Parsing article https://journals.flvc.org/sal/article/view/118528
INFO:utils.util:Sleeping for 1.5 sec...
INFO:__main__:[334/352] Parsing article https://journals.flvc.org/sal/article/view/128792
INFO:utils.util:Sleeping for 6.8 sec...
INFO:__main__:[335/352] Parsing article https://journals.flvc.org/sal/article/view/120778
INFO:utils.util:Sleeping for 2.6 sec...
INFO:__main__:[336/352] Parsing article https://journals.flvc.org/sal/article/view/107416
INFO:utils.util:Sleeping for 5.5 sec...
INFO:__main__:[337/352] Parsing article https://journals.flvc.org/sal/article/view/107417
INFO:utils.util:Sleeping for 4.5 sec...
INFO:__main__:[338/352] Parsing article https://journals.flvc.org/sal/article/view/107418
INFO:utils.util:Sleeping for 6.6 sec...
INFO:__main__:[339/352] Parsing article https://journals.flvc.org/sal/article/view/107517
INFO:utils.util:Sleeping for 3.2 sec...
INFO:__main__:[340/352] Parsing article https://journals.flvc.org/sal/article/view/107519
INFO:utils.util:Sleeping for 5.0 sec...
INFO:__main__:[341/352] Parsing article https://journals.flvc.org/sal/article/view/107521
INFO:utils.util:Sleeping for 1.0 sec...
INFO:__main__:[342/352] Parsing article https://journals.flvc.org/sal/article/view/107520
INFO:utils.util:Sleeping for 1.9 sec...
INFO:__main__:[343/352] Parsing article https://journals.flvc.org/sal/article/view/107518
INFO:utils.util:Sleeping for 5.6 sec...
INFO:__main__:[344/352] Parsing article https://journals.flvc.org/sal/article/view/107328
INFO:utils.util:Sleeping for 2.6 sec...
INFO:__main__:[345/352] Parsing article https://journals.flvc.org/sal/article/view/107329
INFO:utils.util:Sleeping for 5.4 sec...
INFO:__main__:[346/352] Parsing article https://journals.flvc.org/sal/article/view/107330
INFO:utils.util:Sleeping for 3.9 sec...
INFO:__main__:[347/352] Parsing article https://journals.flvc.org/sal/article/view/118036
INFO:utils.util:Sleeping for 5.3 sec...
INFO:__main__:[348/352] Parsing article https://journals.flvc.org/sal/article/view/118039
INFO:utils.util:Sleeping for 6.4 sec...
INFO:__main__:[349/352] Parsing article https://journals.flvc.org/sal/article/view/118041
INFO:utils.util:Sleeping for 4.0 sec...
INFO:__main__:[350/352] Parsing article https://journals.flvc.org/sal/article/view/118040
INFO:utils.util:Sleeping for 6.0 sec...
INFO:__main__:[351/352] Parsing article https://journals.flvc.org/sal/article/view/118042
INFO:utils.util:Sleeping for 4.5 sec...
INFO:__main__:[352/352] Parsing article https://journals.flvc.org/sal/article/view/118043
INFO:utils.util:Sleeping for 6.1 sec...
